<?xml version="1.0" encoding="UTF-8"?>
<coverage generated="1532211563958" clover="3.2.0">
  <project timestamp="1532211563959" name="All files">
    <metrics statements="55" coveredstatements="42" conditionals="24" coveredconditionals="12" methods="29" coveredmethods="22" elements="108" coveredelements="76" complexity="0" loc="55" ncloc="55" packages="9" files="16" classes="16">
      <package name="__tests__">
        <metrics statements="1" coveredstatements="1" conditionals="0" coveredconditionals="0" methods="0" coveredmethods="0"/>
        <file name="setup.js" path="/mnt/c/Users/Eric/Documents/gonative/GoCommerce/__tests__/setup.js">
          <metrics statements="1" coveredstatements="1" conditionals="0" coveredconditionals="0" methods="0" coveredmethods="0"/>
          <line num="4" count="6" type="stmt"/>
        </file>
      </package>
      <package name="src.helpers">
        <metrics statements="1" coveredstatements="1" conditionals="0" coveredconditionals="0" methods="1" coveredmethods="1"/>
        <file name="index.js" path="/mnt/c/Users/Eric/Documents/gonative/GoCommerce/src/helpers/index.js">
          <metrics statements="1" coveredstatements="1" conditionals="0" coveredconditionals="0" methods="1" coveredmethods="1"/>
          <line num="5" count="4" type="stmt"/>
        </file>
      </package>
      <package name="src.pages.Home">
        <metrics statements="8" coveredstatements="8" conditionals="6" coveredconditionals="6" methods="5" coveredmethods="5"/>
        <file name="index.js" path="/mnt/c/Users/Eric/Documents/gonative/GoCommerce/src/pages/Home/index.js">
          <metrics statements="8" coveredstatements="8" conditionals="6" coveredconditionals="6" methods="5" coveredmethods="5"/>
          <line num="28" count="3" type="stmt"/>
          <line num="32" count="3" type="stmt"/>
          <line num="33" count="3" type="cond" truecount="6" falsecount="0"/>
          <line num="35" count="2" type="stmt"/>
          <line num="36" count="2" type="stmt"/>
          <line num="37" count="2" type="stmt"/>
          <line num="46" count="2" type="stmt"/>
          <line num="48" count="2" type="stmt"/>
        </file>
      </package>
      <package name="src.pages.Home.components.Menu">
        <metrics statements="6" coveredstatements="6" conditionals="0" coveredconditionals="0" methods="4" coveredmethods="4"/>
        <file name="index.js" path="/mnt/c/Users/Eric/Documents/gonative/GoCommerce/src/pages/Home/components/Menu/index.js">
          <metrics statements="5" coveredstatements="5" conditionals="0" coveredconditionals="0" methods="4" coveredmethods="4"/>
          <line num="19" count="1" type="stmt"/>
          <line num="21" count="1" type="stmt"/>
          <line num="24" count="4" type="stmt"/>
          <line num="25" count="4" type="stmt"/>
          <line num="38" count="2" type="stmt"/>
        </file>
        <file name="styles.js" path="/mnt/c/Users/Eric/Documents/gonative/GoCommerce/src/pages/Home/components/Menu/styles.js">
          <metrics statements="1" coveredstatements="1" conditionals="0" coveredconditionals="0" methods="0" coveredmethods="0"/>
          <line num="4" count="2" type="stmt"/>
        </file>
      </package>
      <package name="src.pages.Home.components.Menu.components.Category">
        <metrics statements="8" coveredstatements="8" conditionals="4" coveredconditionals="2" methods="3" coveredmethods="3"/>
        <file name="index.js" path="/mnt/c/Users/Eric/Documents/gonative/GoCommerce/src/pages/Home/components/Menu/components/Category/index.js">
          <metrics statements="7" coveredstatements="7" conditionals="4" coveredconditionals="2" methods="3" coveredmethods="3"/>
          <line num="12" count="3" type="stmt"/>
          <line num="13" count="4" type="cond" truecount="1" falsecount="1"/>
          <line num="16" count="4" type="cond" truecount="1" falsecount="1"/>
          <line num="17" count="4" type="stmt"/>
          <line num="20" count="1" type="stmt"/>
          <line num="27" count="3" type="stmt"/>
          <line num="36" count="3" type="stmt"/>
        </file>
        <file name="styles.js" path="/mnt/c/Users/Eric/Documents/gonative/GoCommerce/src/pages/Home/components/Menu/components/Category/styles.js">
          <metrics statements="1" coveredstatements="1" conditionals="0" coveredconditionals="0" methods="0" coveredmethods="0"/>
          <line num="4" count="3" type="stmt"/>
        </file>
      </package>
      <package name="src.pages.Home.components.ProductsList">
        <metrics statements="7" coveredstatements="7" conditionals="2" coveredconditionals="2" methods="6" coveredmethods="5"/>
        <file name="index.js" path="/mnt/c/Users/Eric/Documents/gonative/GoCommerce/src/pages/Home/components/ProductsList/index.js">
          <metrics statements="6" coveredstatements="6" conditionals="2" coveredconditionals="2" methods="6" coveredmethods="5"/>
          <line num="29" count="1" type="stmt"/>
          <line num="31" count="1" type="stmt"/>
          <line num="33" count="1" type="stmt"/>
          <line num="37" count="2" type="stmt"/>
          <line num="49" count="3" type="stmt"/>
          <line num="50" count="3" type="stmt"/>
        </file>
        <file name="styles.js" path="/mnt/c/Users/Eric/Documents/gonative/GoCommerce/src/pages/Home/components/ProductsList/styles.js">
          <metrics statements="1" coveredstatements="1" conditionals="0" coveredconditionals="0" methods="0" coveredmethods="0"/>
          <line num="4" count="2" type="stmt"/>
        </file>
      </package>
      <package name="src.pages.Home.components.ProductsList.components.ProductItem">
        <metrics statements="5" coveredstatements="5" conditionals="0" coveredconditionals="0" methods="2" coveredmethods="2"/>
        <file name="index.js" path="/mnt/c/Users/Eric/Documents/gonative/GoCommerce/src/pages/Home/components/ProductsList/components/ProductItem/index.js">
          <metrics statements="4" coveredstatements="4" conditionals="0" coveredconditionals="0" methods="2" coveredmethods="2"/>
          <line num="9" count="3" type="stmt"/>
          <line num="10" count="3" type="stmt"/>
          <line num="12" count="1" type="stmt"/>
          <line num="25" count="3" type="stmt"/>
        </file>
        <file name="styles.js" path="/mnt/c/Users/Eric/Documents/gonative/GoCommerce/src/pages/Home/components/ProductsList/components/ProductItem/styles.js">
          <metrics statements="1" coveredstatements="1" conditionals="0" coveredconditionals="0" methods="0" coveredmethods="0"/>
          <line num="4" count="3" type="stmt"/>
        </file>
      </package>
      <package name="src.store.ducks">
        <metrics statements="18" coveredstatements="5" conditionals="8" coveredconditionals="0" methods="8" coveredmethods="2"/>
        <file name="products.js" path="/mnt/c/Users/Eric/Documents/gonative/GoCommerce/src/store/ducks/products.js">
          <metrics statements="18" coveredstatements="5" conditionals="8" coveredconditionals="0" methods="8" coveredmethods="2"/>
          <line num="1" count="3" type="stmt"/>
          <line num="10" count="3" type="stmt"/>
          <line num="21" count="0" type="cond" truecount="0" falsecount="7"/>
          <line num="23" count="0" type="stmt"/>
          <line num="28" count="0" type="stmt"/>
          <line num="37" count="0" type="stmt"/>
          <line num="46" count="0" type="stmt"/>
          <line num="56" count="0" type="stmt"/>
          <line num="65" count="0" type="stmt"/>
          <line num="68" count="0" type="stmt"/>
          <line num="75" count="0" type="stmt"/>
          <line num="79" count="3" type="stmt"/>
          <line num="80" count="3" type="stmt"/>
          <line num="84" count="0" type="stmt"/>
          <line num="91" count="0" type="stmt"/>
          <line num="98" count="0" type="stmt"/>
          <line num="106" count="0" type="stmt"/>
          <line num="113" count="2" type="stmt"/>
        </file>
      </package>
      <package name="src.styles">
        <metrics statements="1" coveredstatements="1" conditionals="4" coveredconditionals="2" methods="0" coveredmethods="0"/>
        <file name="colors.js" path="/mnt/c/Users/Eric/Documents/gonative/GoCommerce/src/styles/colors.js">
          <metrics statements="0" coveredstatements="0" conditionals="0" coveredconditionals="0" methods="0" coveredmethods="0"/>
        </file>
        <file name="general.js" path="/mnt/c/Users/Eric/Documents/gonative/GoCommerce/src/styles/general.js">
          <metrics statements="0" coveredstatements="0" conditionals="0" coveredconditionals="0" methods="0" coveredmethods="0"/>
        </file>
        <file name="index.js" path="/mnt/c/Users/Eric/Documents/gonative/GoCommerce/src/styles/index.js">
          <metrics statements="0" coveredstatements="0" conditionals="0" coveredconditionals="0" methods="0" coveredmethods="0"/>
        </file>
        <file name="metrics.js" path="/mnt/c/Users/Eric/Documents/gonative/GoCommerce/src/styles/metrics.js">
          <metrics statements="1" coveredstatements="1" conditionals="4" coveredconditionals="2" methods="0" coveredmethods="0"/>
          <line num="3" count="5" type="stmt"/>
        </file>
      </package>
    </metrics>
  </project>
</coverage>
