<?xml version="1.0" encoding="UTF-8"?>
<coverage generated="1532397947715" clover="3.2.0">
  <project timestamp="1532397947716" name="All files">
    <metrics statements="156" coveredstatements="156" conditionals="54" coveredconditionals="45" methods="73" coveredmethods="71" elements="283" coveredelements="272" complexity="0" loc="156" ncloc="156" packages="17" files="32" classes="32">
      <package name="__tests__">
        <metrics statements="1" coveredstatements="1" conditionals="0" coveredconditionals="0" methods="0" coveredmethods="0"/>
        <file name="setup.js" path="/mnt/c/Users/Eric/Documents/gonative/GoCommerce/__tests__/setup.js">
          <metrics statements="1" coveredstatements="1" conditionals="0" coveredconditionals="0" methods="0" coveredmethods="0"/>
          <line num="4" count="16" type="stmt"/>
        </file>
      </package>
      <package name="src.components.TabIcon">
        <metrics statements="3" coveredstatements="3" conditionals="0" coveredconditionals="0" methods="1" coveredmethods="1"/>
        <file name="index.js" path="/mnt/c/Users/Eric/Documents/gonative/GoCommerce/src/components/TabIcon/index.js">
          <metrics statements="3" coveredstatements="3" conditionals="0" coveredconditionals="0" methods="1" coveredmethods="1"/>
          <line num="5" count="1" type="stmt"/>
          <line num="6" count="1" type="stmt"/>
          <line num="9" count="1" type="stmt"/>
        </file>
      </package>
      <package name="src.helpers">
        <metrics statements="1" coveredstatements="1" conditionals="0" coveredconditionals="0" methods="1" coveredmethods="1"/>
        <file name="index.js" path="/mnt/c/Users/Eric/Documents/gonative/GoCommerce/src/helpers/index.js">
          <metrics statements="1" coveredstatements="1" conditionals="0" coveredconditionals="0" methods="1" coveredmethods="1"/>
          <line num="5" count="16" type="stmt"/>
        </file>
      </package>
      <package name="src.pages.Cart">
        <metrics statements="6" coveredstatements="6" conditionals="2" coveredconditionals="2" methods="3" coveredmethods="3"/>
        <file name="index.js" path="/mnt/c/Users/Eric/Documents/gonative/GoCommerce/src/pages/Cart/index.js">
          <metrics statements="5" coveredstatements="5" conditionals="2" coveredconditionals="2" methods="3" coveredmethods="3"/>
          <line num="15" count="1" type="stmt"/>
          <line num="16" count="2" type="stmt"/>
          <line num="31" count="1" type="stmt"/>
          <line num="33" count="1" type="stmt"/>
          <line num="36" count="2" type="stmt"/>
        </file>
        <file name="styles.js" path="/mnt/c/Users/Eric/Documents/gonative/GoCommerce/src/pages/Cart/styles.js">
          <metrics statements="1" coveredstatements="1" conditionals="0" coveredconditionals="0" methods="0" coveredmethods="0"/>
          <line num="4" count="1" type="stmt"/>
        </file>
      </package>
      <package name="src.pages.Cart.components.Header">
        <metrics statements="3" coveredstatements="3" conditionals="0" coveredconditionals="0" methods="1" coveredmethods="1"/>
        <file name="index.js" path="/mnt/c/Users/Eric/Documents/gonative/GoCommerce/src/pages/Cart/components/Header/index.js">
          <metrics statements="2" coveredstatements="2" conditionals="0" coveredconditionals="0" methods="1" coveredmethods="1"/>
          <line num="7" count="2" type="stmt"/>
          <line num="8" count="1" type="stmt"/>
        </file>
        <file name="styles.js" path="/mnt/c/Users/Eric/Documents/gonative/GoCommerce/src/pages/Cart/components/Header/styles.js">
          <metrics statements="1" coveredstatements="1" conditionals="0" coveredconditionals="0" methods="0" coveredmethods="0"/>
          <line num="4" count="2" type="stmt"/>
        </file>
      </package>
      <package name="src.pages.Cart.components.PurchaseList">
        <metrics statements="6" coveredstatements="6" conditionals="2" coveredconditionals="2" methods="4" coveredmethods="4"/>
        <file name="index.js" path="/mnt/c/Users/Eric/Documents/gonative/GoCommerce/src/pages/Cart/components/PurchaseList/index.js">
          <metrics statements="6" coveredstatements="6" conditionals="2" coveredconditionals="2" methods="4" coveredmethods="4"/>
          <line num="22" count="1" type="stmt"/>
          <line num="24" count="1" type="stmt"/>
          <line num="27" count="2" type="stmt"/>
          <line num="28" count="2" type="cond" truecount="2" falsecount="0"/>
          <line num="29" count="1" type="stmt"/>
          <line num="39" count="2" type="stmt"/>
        </file>
      </package>
      <package name="src.pages.Cart.components.PurchaseList.components.PurchaseItem">
        <metrics statements="8" coveredstatements="8" conditionals="2" coveredconditionals="2" methods="5" coveredmethods="5"/>
        <file name="index.js" path="/mnt/c/Users/Eric/Documents/gonative/GoCommerce/src/pages/Cart/components/PurchaseList/components/PurchaseItem/index.js">
          <metrics statements="7" coveredstatements="7" conditionals="2" coveredconditionals="2" methods="5" coveredmethods="5"/>
          <line num="16" count="3" type="stmt"/>
          <line num="17" count="4" type="stmt"/>
          <line num="35" count="1" type="stmt"/>
          <line num="36" count="1" type="cond" truecount="2" falsecount="0"/>
          <line num="38" count="1" type="stmt"/>
          <line num="44" count="3" type="stmt"/>
          <line num="50" count="4" type="stmt"/>
        </file>
        <file name="styles.js" path="/mnt/c/Users/Eric/Documents/gonative/GoCommerce/src/pages/Cart/components/PurchaseList/components/PurchaseItem/styles.js">
          <metrics statements="1" coveredstatements="1" conditionals="0" coveredconditionals="0" methods="0" coveredmethods="0"/>
          <line num="4" count="3" type="stmt"/>
        </file>
      </package>
      <package name="src.pages.Details">
        <metrics statements="19" coveredstatements="19" conditionals="6" coveredconditionals="5" methods="9" coveredmethods="8"/>
        <file name="index.js" path="/mnt/c/Users/Eric/Documents/gonative/GoCommerce/src/pages/Details/index.js">
          <metrics statements="18" coveredstatements="18" conditionals="6" coveredconditionals="5" methods="9" coveredmethods="8"/>
          <line num="47" count="5" type="stmt"/>
          <line num="48" count="5" type="stmt"/>
          <line num="52" count="1" type="stmt"/>
          <line num="53" count="1" type="stmt"/>
          <line num="54" count="1" type="cond" truecount="1" falsecount="1"/>
          <line num="69" count="1" type="stmt"/>
          <line num="71" count="1" type="stmt"/>
          <line num="77" count="1" type="stmt"/>
          <line num="78" count="1" type="stmt"/>
          <line num="82" count="4" type="stmt"/>
          <line num="83" count="4" type="cond" truecount="2" falsecount="0"/>
          <line num="84" count="3" type="stmt"/>
          <line num="98" count="1" type="stmt"/>
          <line num="106" count="1" type="stmt"/>
          <line num="112" count="5" type="stmt"/>
          <line num="113" count="5" type="cond" truecount="2" falsecount="0"/>
          <line num="119" count="3" type="stmt"/>
          <line num="123" count="3" type="stmt"/>
        </file>
        <file name="styles.js" path="/mnt/c/Users/Eric/Documents/gonative/GoCommerce/src/pages/Details/styles.js">
          <metrics statements="1" coveredstatements="1" conditionals="0" coveredconditionals="0" methods="0" coveredmethods="0"/>
          <line num="4" count="1" type="stmt"/>
        </file>
      </package>
      <package name="src.pages.Home">
        <metrics statements="8" coveredstatements="8" conditionals="6" coveredconditionals="6" methods="5" coveredmethods="5"/>
        <file name="index.js" path="/mnt/c/Users/Eric/Documents/gonative/GoCommerce/src/pages/Home/index.js">
          <metrics statements="8" coveredstatements="8" conditionals="6" coveredconditionals="6" methods="5" coveredmethods="5"/>
          <line num="28" count="3" type="stmt"/>
          <line num="32" count="3" type="stmt"/>
          <line num="33" count="3" type="cond" truecount="6" falsecount="0"/>
          <line num="35" count="2" type="stmt"/>
          <line num="36" count="2" type="stmt"/>
          <line num="37" count="2" type="stmt"/>
          <line num="46" count="2" type="stmt"/>
          <line num="48" count="2" type="stmt"/>
        </file>
      </package>
      <package name="src.pages.Home.components.Menu">
        <metrics statements="6" coveredstatements="6" conditionals="0" coveredconditionals="0" methods="4" coveredmethods="4"/>
        <file name="index.js" path="/mnt/c/Users/Eric/Documents/gonative/GoCommerce/src/pages/Home/components/Menu/index.js">
          <metrics statements="5" coveredstatements="5" conditionals="0" coveredconditionals="0" methods="4" coveredmethods="4"/>
          <line num="19" count="1" type="stmt"/>
          <line num="21" count="1" type="stmt"/>
          <line num="24" count="4" type="stmt"/>
          <line num="25" count="4" type="stmt"/>
          <line num="38" count="2" type="stmt"/>
        </file>
        <file name="styles.js" path="/mnt/c/Users/Eric/Documents/gonative/GoCommerce/src/pages/Home/components/Menu/styles.js">
          <metrics statements="1" coveredstatements="1" conditionals="0" coveredconditionals="0" methods="0" coveredmethods="0"/>
          <line num="4" count="2" type="stmt"/>
        </file>
      </package>
      <package name="src.pages.Home.components.Menu.components.Category">
        <metrics statements="8" coveredstatements="8" conditionals="4" coveredconditionals="2" methods="3" coveredmethods="3"/>
        <file name="index.js" path="/mnt/c/Users/Eric/Documents/gonative/GoCommerce/src/pages/Home/components/Menu/components/Category/index.js">
          <metrics statements="7" coveredstatements="7" conditionals="4" coveredconditionals="2" methods="3" coveredmethods="3"/>
          <line num="12" count="3" type="stmt"/>
          <line num="13" count="4" type="cond" truecount="1" falsecount="1"/>
          <line num="16" count="4" type="cond" truecount="1" falsecount="1"/>
          <line num="17" count="4" type="stmt"/>
          <line num="20" count="1" type="stmt"/>
          <line num="27" count="3" type="stmt"/>
          <line num="36" count="3" type="stmt"/>
        </file>
        <file name="styles.js" path="/mnt/c/Users/Eric/Documents/gonative/GoCommerce/src/pages/Home/components/Menu/components/Category/styles.js">
          <metrics statements="1" coveredstatements="1" conditionals="0" coveredconditionals="0" methods="0" coveredmethods="0"/>
          <line num="4" count="3" type="stmt"/>
        </file>
      </package>
      <package name="src.pages.Home.components.ProductsList">
        <metrics statements="7" coveredstatements="7" conditionals="2" coveredconditionals="2" methods="6" coveredmethods="5"/>
        <file name="index.js" path="/mnt/c/Users/Eric/Documents/gonative/GoCommerce/src/pages/Home/components/ProductsList/index.js">
          <metrics statements="6" coveredstatements="6" conditionals="2" coveredconditionals="2" methods="6" coveredmethods="5"/>
          <line num="29" count="1" type="stmt"/>
          <line num="31" count="1" type="stmt"/>
          <line num="33" count="1" type="stmt"/>
          <line num="37" count="2" type="stmt"/>
          <line num="49" count="3" type="stmt"/>
          <line num="50" count="3" type="stmt"/>
        </file>
        <file name="styles.js" path="/mnt/c/Users/Eric/Documents/gonative/GoCommerce/src/pages/Home/components/ProductsList/styles.js">
          <metrics statements="1" coveredstatements="1" conditionals="0" coveredconditionals="0" methods="0" coveredmethods="0"/>
          <line num="4" count="2" type="stmt"/>
        </file>
      </package>
      <package name="src.pages.Home.components.ProductsList.components.ProductItem">
        <metrics statements="5" coveredstatements="5" conditionals="0" coveredconditionals="0" methods="2" coveredmethods="2"/>
        <file name="index.js" path="/mnt/c/Users/Eric/Documents/gonative/GoCommerce/src/pages/Home/components/ProductsList/components/ProductItem/index.js">
          <metrics statements="4" coveredstatements="4" conditionals="0" coveredconditionals="0" methods="2" coveredmethods="2"/>
          <line num="9" count="3" type="stmt"/>
          <line num="10" count="3" type="stmt"/>
          <line num="12" count="1" type="stmt"/>
          <line num="25" count="3" type="stmt"/>
        </file>
        <file name="styles.js" path="/mnt/c/Users/Eric/Documents/gonative/GoCommerce/src/pages/Home/components/ProductsList/components/ProductItem/styles.js">
          <metrics statements="1" coveredstatements="1" conditionals="0" coveredconditionals="0" methods="0" coveredmethods="0"/>
          <line num="4" count="3" type="stmt"/>
        </file>
      </package>
      <package name="src.services">
        <metrics statements="1" coveredstatements="1" conditionals="0" coveredconditionals="0" methods="0" coveredmethods="0"/>
        <file name="api.js" path="/mnt/c/Users/Eric/Documents/gonative/GoCommerce/src/services/api.js">
          <metrics statements="1" coveredstatements="1" conditionals="0" coveredconditionals="0" methods="0" coveredmethods="0"/>
          <line num="3" count="2" type="stmt"/>
        </file>
      </package>
      <package name="src.store.ducks">
        <metrics statements="49" coveredstatements="49" conditionals="24" coveredconditionals="20" methods="22" coveredmethods="22"/>
        <file name="cart.js" path="/mnt/c/Users/Eric/Documents/gonative/GoCommerce/src/store/ducks/cart.js">
          <metrics statements="20" coveredstatements="20" conditionals="11" coveredconditionals="9" methods="10" coveredmethods="10"/>
          <line num="4" count="5" type="stmt"/>
          <line num="10" count="5" type="stmt"/>
          <line num="15" count="1" type="stmt"/>
          <line num="16" count="1" type="stmt"/>
          <line num="17" count="1" type="stmt"/>
          <line num="18" count="1" type="stmt"/>
          <line num="22" count="8" type="cond" truecount="4" falsecount="0"/>
          <line num="24" count="4" type="stmt"/>
          <line num="31" count="1" type="stmt"/>
          <line num="33" count="1" type="stmt"/>
          <line num="36" count="2" type="stmt"/>
          <line num="39" count="2" type="cond" truecount="2" falsecount="0"/>
          <line num="44" count="1" type="stmt"/>
          <line num="48" count="5" type="stmt"/>
          <line num="49" count="6" type="stmt"/>
          <line num="56" count="3" type="stmt"/>
          <line num="62" count="6" type="stmt"/>
          <line num="71" count="5" type="stmt"/>
          <line num="73" count="2" type="stmt"/>
          <line num="74" count="2" type="cond" truecount="1" falsecount="1"/>
        </file>
        <file name="details.js" path="/mnt/c/Users/Eric/Documents/gonative/GoCommerce/src/store/ducks/details.js">
          <metrics statements="11" coveredstatements="11" conditionals="5" coveredconditionals="4" methods="4" coveredmethods="4"/>
          <line num="3" count="4" type="stmt"/>
          <line num="9" count="4" type="stmt"/>
          <line num="16" count="4" type="cond" truecount="4" falsecount="0"/>
          <line num="18" count="1" type="stmt"/>
          <line num="24" count="1" type="stmt"/>
          <line num="30" count="1" type="stmt"/>
          <line num="36" count="1" type="stmt"/>
          <line num="40" count="4" type="stmt"/>
          <line num="41" count="9" type="stmt"/>
          <line num="48" count="3" type="stmt"/>
          <line num="55" count="3" type="stmt"/>
        </file>
        <file name="products.js" path="/mnt/c/Users/Eric/Documents/gonative/GoCommerce/src/store/ducks/products.js">
          <metrics statements="18" coveredstatements="18" conditionals="8" coveredconditionals="7" methods="8" coveredmethods="8"/>
          <line num="1" count="6" type="stmt"/>
          <line num="10" count="6" type="stmt"/>
          <line num="21" count="8" type="cond" truecount="7" falsecount="0"/>
          <line num="23" count="1" type="stmt"/>
          <line num="28" count="2" type="stmt"/>
          <line num="38" count="1" type="stmt"/>
          <line num="47" count="1" type="stmt"/>
          <line num="57" count="1" type="stmt"/>
          <line num="66" count="1" type="stmt"/>
          <line num="69" count="2" type="stmt"/>
          <line num="76" count="1" type="stmt"/>
          <line num="80" count="6" type="stmt"/>
          <line num="81" count="7" type="stmt"/>
          <line num="85" count="5" type="stmt"/>
          <line num="92" count="3" type="stmt"/>
          <line num="99" count="7" type="stmt"/>
          <line num="107" count="6" type="stmt"/>
          <line num="114" count="6" type="stmt"/>
        </file>
      </package>
      <package name="src.store.sagas">
        <metrics statements="24" coveredstatements="24" conditionals="2" coveredconditionals="2" methods="7" coveredmethods="7"/>
        <file name="details.js" path="/mnt/c/Users/Eric/Documents/gonative/GoCommerce/src/store/sagas/details.js">
          <metrics statements="4" coveredstatements="4" conditionals="0" coveredconditionals="0" methods="1" coveredmethods="1"/>
          <line num="6" count="2" type="stmt"/>
          <line num="7" count="2" type="stmt"/>
          <line num="8" count="1" type="stmt"/>
          <line num="10" count="1" type="stmt"/>
        </file>
        <file name="index.js" path="/mnt/c/Users/Eric/Documents/gonative/GoCommerce/src/store/sagas/index.js">
          <metrics statements="1" coveredstatements="1" conditionals="0" coveredconditionals="0" methods="1" coveredmethods="1"/>
          <line num="10" count="8" type="stmt"/>
        </file>
        <file name="products.js" path="/mnt/c/Users/Eric/Documents/gonative/GoCommerce/src/store/sagas/products.js">
          <metrics statements="19" coveredstatements="19" conditionals="2" coveredconditionals="2" methods="5" coveredmethods="5"/>
          <line num="7" count="5" type="stmt"/>
          <line num="8" count="5" type="stmt"/>
          <line num="9" count="2" type="stmt"/>
          <line num="11" count="2" type="stmt"/>
          <line num="13" count="3" type="stmt"/>
          <line num="18" count="3" type="stmt"/>
          <line num="19" count="3" type="stmt"/>
          <line num="20" count="3" type="stmt"/>
          <line num="21" count="4" type="stmt"/>
          <line num="22" count="2" type="stmt"/>
          <line num="24" count="2" type="stmt"/>
          <line num="26" count="1" type="stmt"/>
          <line num="29" count="3" type="stmt"/>
          <line num="33" count="3" type="stmt"/>
          <line num="34" count="3" type="stmt"/>
          <line num="35" count="3" type="stmt"/>
          <line num="36" count="3" type="cond" truecount="2" falsecount="0"/>
          <line num="37" count="1" type="stmt"/>
          <line num="39" count="2" type="stmt"/>
        </file>
      </package>
      <package name="src.styles">
        <metrics statements="1" coveredstatements="1" conditionals="4" coveredconditionals="2" methods="0" coveredmethods="0"/>
        <file name="colors.js" path="/mnt/c/Users/Eric/Documents/gonative/GoCommerce/src/styles/colors.js">
          <metrics statements="0" coveredstatements="0" conditionals="0" coveredconditionals="0" methods="0" coveredmethods="0"/>
        </file>
        <file name="general.js" path="/mnt/c/Users/Eric/Documents/gonative/GoCommerce/src/styles/general.js">
          <metrics statements="0" coveredstatements="0" conditionals="0" coveredconditionals="0" methods="0" coveredmethods="0"/>
        </file>
        <file name="index.js" path="/mnt/c/Users/Eric/Documents/gonative/GoCommerce/src/styles/index.js">
          <metrics statements="0" coveredstatements="0" conditionals="0" coveredconditionals="0" methods="0" coveredmethods="0"/>
        </file>
        <file name="metrics.js" path="/mnt/c/Users/Eric/Documents/gonative/GoCommerce/src/styles/metrics.js">
          <metrics statements="1" coveredstatements="1" conditionals="4" coveredconditionals="2" methods="0" coveredmethods="0"/>
          <line num="3" count="10" type="stmt"/>
        </file>
      </package>
    </metrics>
  </project>
</coverage>
