{"/mnt/c/Users/Eric/Documents/gonative/GoCommerce/__tests__/setup.js": {"path":"/mnt/c/Users/Eric/Documents/gonative/GoCommerce/__tests__/setup.js","statementMap":{"0":{"start":{"line":4,"column":0},"end":{"line":4,"column":45}}},"fnMap":{},"branchMap":{},"s":{"0":6},"f":{},"b":{},"_coverageSchema":"332fd63041d2c1bcb487cc26dd0d5f7d97098a6c","hash":"5b3ca47a3f55bd249ae4c21958a37de87e135bbf"}
,"/mnt/c/Users/Eric/Documents/gonative/GoCommerce/src/helpers/index.js": {"path":"/mnt/c/Users/Eric/Documents/gonative/GoCommerce/src/helpers/index.js","statementMap":{"0":{"start":{"line":5,"column":4},"end":{"line":5,"column":44}}},"fnMap":{"0":{"name":"(anonymous_0)","decl":{"start":{"line":4,"column":2},"end":{"line":4,"column":3}},"loc":{"start":{"line":4,"column":28},"end":{"line":6,"column":3}},"line":4}},"branchMap":{},"s":{"0":4},"f":{"0":4},"b":{},"_coverageSchema":"332fd63041d2c1bcb487cc26dd0d5f7d97098a6c","hash":"fd0a47d1c6ec554888ef91641a428b414e41d7be"}
,"/mnt/c/Users/Eric/Documents/gonative/GoCommerce/src/pages/Home/index.js": {"path":"/mnt/c/Users/Eric/Documents/gonative/GoCommerce/src/pages/Home/index.js","statementMap":{"0":{"start":{"line":28,"column":4},"end":{"line":28,"column":32}},"1":{"start":{"line":32,"column":56},"end":{"line":32,"column":75}},"2":{"start":{"line":33,"column":4},"end":{"line":33,"column":99}},"3":{"start":{"line":33,"column":87},"end":{"line":33,"column":99}},"4":{"start":{"line":35,"column":21},"end":{"line":35,"column":55}},"5":{"start":{"line":35,"column":44},"end":{"line":35,"column":54}},"6":{"start":{"line":36,"column":21},"end":{"line":36,"column":47}},"7":{"start":{"line":37,"column":4},"end":{"line":42,"column":6}},"8":{"start":{"line":46,"column":24},"end":{"line":46,"column":63}},"9":{"start":{"line":46,"column":34},"end":{"line":46,"column":62}},"10":{"start":{"line":48,"column":27},"end":{"line":48,"column":85}},"11":{"start":{"line":48,"column":39},"end":{"line":48,"column":85}}},"fnMap":{"0":{"name":"(anonymous_0)","decl":{"start":{"line":27,"column":2},"end":{"line":27,"column":3}},"loc":{"start":{"line":27,"column":23},"end":{"line":29,"column":3}},"line":27},"1":{"name":"(anonymous_1)","decl":{"start":{"line":31,"column":2},"end":{"line":31,"column":3}},"loc":{"start":{"line":31,"column":11},"end":{"line":43,"column":3}},"line":31},"2":{"name":"(anonymous_2)","decl":{"start":{"line":35,"column":39},"end":{"line":35,"column":40}},"loc":{"start":{"line":35,"column":44},"end":{"line":35,"column":54}},"line":35},"3":{"name":"(anonymous_3)","decl":{"start":{"line":46,"column":24},"end":{"line":46,"column":25}},"loc":{"start":{"line":46,"column":34},"end":{"line":46,"column":62}},"line":46},"4":{"name":"(anonymous_4)","decl":{"start":{"line":48,"column":27},"end":{"line":48,"column":28}},"loc":{"start":{"line":48,"column":39},"end":{"line":48,"column":85}},"line":48}},"branchMap":{"0":{"loc":{"start":{"line":33,"column":4},"end":{"line":33,"column":99}},"type":"if","locations":[{"start":{"line":33,"column":4},"end":{"line":33,"column":99}},{"start":{"line":33,"column":4},"end":{"line":33,"column":99}}],"line":33},"1":{"loc":{"start":{"line":33,"column":8},"end":{"line":33,"column":85}},"type":"binary-expr","locations":[{"start":{"line":33,"column":9},"end":{"line":33,"column":19}},{"start":{"line":33,"column":23},"end":{"line":33,"column":46}},{"start":{"line":33,"column":51},"end":{"line":33,"column":62}},{"start":{"line":33,"column":66},"end":{"line":33,"column":85}}],"line":33}},"s":{"0":3,"1":3,"2":3,"3":1,"4":2,"5":2,"6":2,"7":2,"8":1,"9":2,"10":1,"11":2},"f":{"0":3,"1":3,"2":2,"3":2,"4":2},"b":{"0":[1,2],"1":[3,3,2,2]},"_coverageSchema":"332fd63041d2c1bcb487cc26dd0d5f7d97098a6c","hash":"a2e68066ab132dcd9b184eec5cb005c925352b97"}
,"/mnt/c/Users/Eric/Documents/gonative/GoCommerce/src/pages/Home/components/Menu/index.js": {"path":"/mnt/c/Users/Eric/Documents/gonative/GoCommerce/src/pages/Home/components/Menu/index.js","statementMap":{"0":{"start":{"line":19,"column":23},"end":{"line":19,"column":38}},"1":{"start":{"line":21,"column":36},"end":{"line":21,"column":60}},"2":{"start":{"line":24,"column":27},"end":{"line":24,"column":37}},"3":{"start":{"line":25,"column":4},"end":{"line":34,"column":6}},"4":{"start":{"line":38,"column":27},"end":{"line":38,"column":85}},"5":{"start":{"line":38,"column":39},"end":{"line":38,"column":85}}},"fnMap":{"0":{"name":"(anonymous_0)","decl":{"start":{"line":19,"column":15},"end":{"line":19,"column":16}},"loc":{"start":{"line":19,"column":23},"end":{"line":19,"column":38}},"line":19},"1":{"name":"(anonymous_1)","decl":{"start":{"line":21,"column":21},"end":{"line":21,"column":22}},"loc":{"start":{"line":21,"column":36},"end":{"line":21,"column":60}},"line":21},"2":{"name":"(anonymous_2)","decl":{"start":{"line":23,"column":2},"end":{"line":23,"column":3}},"loc":{"start":{"line":23,"column":11},"end":{"line":35,"column":3}},"line":23},"3":{"name":"(anonymous_3)","decl":{"start":{"line":38,"column":27},"end":{"line":38,"column":28}},"loc":{"start":{"line":38,"column":39},"end":{"line":38,"column":85}},"line":38}},"branchMap":{},"s":{"0":1,"1":1,"2":4,"3":4,"4":2,"5":1},"f":{"0":1,"1":1,"2":4,"3":1},"b":{},"_coverageSchema":"332fd63041d2c1bcb487cc26dd0d5f7d97098a6c","hash":"1beef895b497ace16b5548e377650f10d8290c06"}
,"/mnt/c/Users/Eric/Documents/gonative/GoCommerce/src/pages/Home/components/Menu/styles.js": {"path":"/mnt/c/Users/Eric/Documents/gonative/GoCommerce/src/pages/Home/components/Menu/styles.js","statementMap":{"0":{"start":{"line":4,"column":15},"end":{"line":11,"column":2}}},"fnMap":{},"branchMap":{},"s":{"0":2},"f":{},"b":{},"_coverageSchema":"332fd63041d2c1bcb487cc26dd0d5f7d97098a6c","hash":"942ff936708469cf253cc9989049ca6645f8bd21"}
,"/mnt/c/Users/Eric/Documents/gonative/GoCommerce/src/pages/Home/components/Menu/components/Category/index.js": {"path":"/mnt/c/Users/Eric/Documents/gonative/GoCommerce/src/pages/Home/components/Menu/components/Category/index.js","statementMap":{"0":{"start":{"line":12,"column":17},"end":{"line":25,"column":1}},"1":{"start":{"line":13,"column":25},"end":{"line":15,"column":27}},"2":{"start":{"line":16,"column":21},"end":{"line":16,"column":88}},"3":{"start":{"line":17,"column":2},"end":{"line":24,"column":4}},"4":{"start":{"line":20,"column":21},"end":{"line":20,"column":44}},"5":{"start":{"line":27,"column":0},"end":{"line":34,"column":2}},"6":{"start":{"line":36,"column":27},"end":{"line":36,"column":85}},"7":{"start":{"line":36,"column":39},"end":{"line":36,"column":85}}},"fnMap":{"0":{"name":"(anonymous_0)","decl":{"start":{"line":12,"column":17},"end":{"line":12,"column":18}},"loc":{"start":{"line":12,"column":47},"end":{"line":25,"column":1}},"line":12},"1":{"name":"(anonymous_1)","decl":{"start":{"line":20,"column":15},"end":{"line":20,"column":16}},"loc":{"start":{"line":20,"column":21},"end":{"line":20,"column":44}},"line":20},"2":{"name":"(anonymous_2)","decl":{"start":{"line":36,"column":27},"end":{"line":36,"column":28}},"loc":{"start":{"line":36,"column":39},"end":{"line":36,"column":85}},"line":36}},"branchMap":{"0":{"loc":{"start":{"line":13,"column":25},"end":{"line":15,"column":27}},"type":"cond-expr","locations":[{"start":{"line":14,"column":6},"end":{"line":14,"column":60}},{"start":{"line":15,"column":6},"end":{"line":15,"column":27}}],"line":13},"1":{"loc":{"start":{"line":16,"column":21},"end":{"line":16,"column":88}},"type":"cond-expr","locations":[{"start":{"line":16,"column":37},"end":{"line":16,"column":73}},{"start":{"line":16,"column":76},"end":{"line":16,"column":88}}],"line":16}},"s":{"0":3,"1":4,"2":4,"3":4,"4":1,"5":3,"6":3,"7":3},"f":{"0":4,"1":1,"2":3},"b":{"0":[4,0],"1":[4,0]},"_coverageSchema":"332fd63041d2c1bcb487cc26dd0d5f7d97098a6c","hash":"fd0a622a6574eb1ea0f09c7ed2ef739ae9a8902f"}
,"/mnt/c/Users/Eric/Documents/gonative/GoCommerce/src/pages/Home/components/Menu/components/Category/styles.js": {"path":"/mnt/c/Users/Eric/Documents/gonative/GoCommerce/src/pages/Home/components/Menu/components/Category/styles.js","statementMap":{"0":{"start":{"line":4,"column":15},"end":{"line":22,"column":2}}},"fnMap":{},"branchMap":{},"s":{"0":3},"f":{},"b":{},"_coverageSchema":"332fd63041d2c1bcb487cc26dd0d5f7d97098a6c","hash":"5e0604084ff2de95edf1e569095959ffc223d21f"}
,"/mnt/c/Users/Eric/Documents/gonative/GoCommerce/src/pages/Home/components/ProductsList/index.js": {"path":"/mnt/c/Users/Eric/Documents/gonative/GoCommerce/src/pages/Home/components/ProductsList/index.js","statementMap":{"0":{"start":{"line":29,"column":23},"end":{"line":29,"column":38}},"1":{"start":{"line":31,"column":22},"end":{"line":31,"column":71}},"2":{"start":{"line":33,"column":33},"end":{"line":33,"column":93}},"3":{"start":{"line":37,"column":4},"end":{"line":45,"column":11}},"4":{"start":{"line":49,"column":34},"end":{"line":49,"column":44}},"5":{"start":{"line":50,"column":4},"end":{"line":57,"column":6}}},"fnMap":{"0":{"name":"(anonymous_0)","decl":{"start":{"line":23,"column":16},"end":{"line":23,"column":17}},"loc":{"start":{"line":23,"column":22},"end":{"line":23,"column":24}},"line":23},"1":{"name":"(anonymous_1)","decl":{"start":{"line":29,"column":15},"end":{"line":29,"column":16}},"loc":{"start":{"line":29,"column":23},"end":{"line":29,"column":38}},"line":29},"2":{"name":"(anonymous_2)","decl":{"start":{"line":31,"column":16},"end":{"line":31,"column":17}},"loc":{"start":{"line":31,"column":22},"end":{"line":31,"column":71}},"line":31},"3":{"name":"(anonymous_3)","decl":{"start":{"line":33,"column":18},"end":{"line":33,"column":19}},"loc":{"start":{"line":33,"column":33},"end":{"line":33,"column":93}},"line":33},"4":{"name":"(anonymous_4)","decl":{"start":{"line":36,"column":15},"end":{"line":36,"column":16}},"loc":{"start":{"line":37,"column":4},"end":{"line":45,"column":11}},"line":37},"5":{"name":"(anonymous_5)","decl":{"start":{"line":48,"column":2},"end":{"line":48,"column":3}},"loc":{"start":{"line":48,"column":11},"end":{"line":58,"column":3}},"line":48}},"branchMap":{"0":{"loc":{"start":{"line":52,"column":10},"end":{"line":54,"column":37}},"type":"cond-expr","locations":[{"start":{"line":53,"column":12},"end":{"line":53,"column":67}},{"start":{"line":54,"column":12},"end":{"line":54,"column":37}}],"line":52}},"s":{"0":1,"1":1,"2":1,"3":2,"4":3,"5":3},"f":{"0":0,"1":1,"2":1,"3":1,"4":2,"5":3},"b":{"0":[1,2]},"_coverageSchema":"332fd63041d2c1bcb487cc26dd0d5f7d97098a6c","hash":"48379a15aafedcec261a946d151d27816fa66933"}
,"/mnt/c/Users/Eric/Documents/gonative/GoCommerce/src/pages/Home/components/ProductsList/styles.js": {"path":"/mnt/c/Users/Eric/Documents/gonative/GoCommerce/src/pages/Home/components/ProductsList/styles.js","statementMap":{"0":{"start":{"line":4,"column":15},"end":{"line":20,"column":2}}},"fnMap":{},"branchMap":{},"s":{"0":2},"f":{},"b":{},"_coverageSchema":"332fd63041d2c1bcb487cc26dd0d5f7d97098a6c","hash":"28096871ddbbdf81580a7d3c7eb29fa685cc9728"}
,"/mnt/c/Users/Eric/Documents/gonative/GoCommerce/src/pages/Home/components/ProductsList/components/ProductItem/index.js": {"path":"/mnt/c/Users/Eric/Documents/gonative/GoCommerce/src/pages/Home/components/ProductsList/components/ProductItem/index.js","statementMap":{"0":{"start":{"line":9,"column":20},"end":{"line":23,"column":1}},"1":{"start":{"line":10,"column":2},"end":{"line":22,"column":21}},"2":{"start":{"line":12,"column":19},"end":{"line":12,"column":41}},"3":{"start":{"line":25,"column":0},"end":{"line":32,"column":2}}},"fnMap":{"0":{"name":"(anonymous_0)","decl":{"start":{"line":9,"column":20},"end":{"line":9,"column":21}},"loc":{"start":{"line":10,"column":2},"end":{"line":22,"column":21}},"line":10},"1":{"name":"(anonymous_1)","decl":{"start":{"line":12,"column":13},"end":{"line":12,"column":14}},"loc":{"start":{"line":12,"column":19},"end":{"line":12,"column":41}},"line":12}},"branchMap":{},"s":{"0":3,"1":3,"2":1,"3":3},"f":{"0":3,"1":1},"b":{},"_coverageSchema":"332fd63041d2c1bcb487cc26dd0d5f7d97098a6c","hash":"52d50a3e94db5d82d6450acedffa1b500f0af475"}
,"/mnt/c/Users/Eric/Documents/gonative/GoCommerce/src/pages/Home/components/ProductsList/components/ProductItem/styles.js": {"path":"/mnt/c/Users/Eric/Documents/gonative/GoCommerce/src/pages/Home/components/ProductsList/components/ProductItem/styles.js","statementMap":{"0":{"start":{"line":4,"column":15},"end":{"line":25,"column":2}}},"fnMap":{},"branchMap":{},"s":{"0":3},"f":{},"b":{},"_coverageSchema":"332fd63041d2c1bcb487cc26dd0d5f7d97098a6c","hash":"3396b106a29283e18f814d4afbb2eea7bb9a24a3"}
,"/mnt/c/Users/Eric/Documents/gonative/GoCommerce/src/store/ducks/products.js": {"path":"/mnt/c/Users/Eric/Documents/gonative/GoCommerce/src/store/ducks/products.js","statementMap":{"0":{"start":{"line":1,"column":21},"end":{"line":8,"column":1}},"1":{"start":{"line":10,"column":22},"end":{"line":18,"column":1}},"2":{"start":{"line":21,"column":2},"end":{"line":76,"column":3}},"3":{"start":{"line":23,"column":6},"end":{"line":26,"column":8}},"4":{"start":{"line":28,"column":6},"end":{"line":35,"column":8}},"5":{"start":{"line":37,"column":6},"end":{"line":44,"column":8}},"6":{"start":{"line":46,"column":6},"end":{"line":54,"column":8}},"7":{"start":{"line":56,"column":6},"end":{"line":63,"column":8}},"8":{"start":{"line":65,"column":6},"end":{"line":73,"column":8}},"9":{"start":{"line":68,"column":32},"end":{"line":68,"column":87}},"10":{"start":{"line":75,"column":6},"end":{"line":75,"column":19}},"11":{"start":{"line":79,"column":24},"end":{"line":119,"column":1}},"12":{"start":{"line":80,"column":25},"end":{"line":82,"column":3}},"13":{"start":{"line":84,"column":39},"end":{"line":89,"column":3}},"14":{"start":{"line":91,"column":32},"end":{"line":96,"column":3}},"15":{"start":{"line":98,"column":51},"end":{"line":104,"column":3}},"16":{"start":{"line":106,"column":29},"end":{"line":111,"column":3}},"17":{"start":{"line":113,"column":25},"end":{"line":118,"column":3}}},"fnMap":{"0":{"name":"products","decl":{"start":{"line":20,"column":24},"end":{"line":20,"column":32}},"loc":{"start":{"line":20,"column":64},"end":{"line":77,"column":1}},"line":20},"1":{"name":"(anonymous_1)","decl":{"start":{"line":68,"column":15},"end":{"line":68,"column":16}},"loc":{"start":{"line":68,"column":32},"end":{"line":68,"column":87}},"line":68},"2":{"name":"(anonymous_2)","decl":{"start":{"line":80,"column":18},"end":{"line":80,"column":19}},"loc":{"start":{"line":80,"column":25},"end":{"line":82,"column":3}},"line":80},"3":{"name":"(anonymous_3)","decl":{"start":{"line":84,"column":24},"end":{"line":84,"column":25}},"loc":{"start":{"line":84,"column":39},"end":{"line":89,"column":3}},"line":84},"4":{"name":"(anonymous_4)","decl":{"start":{"line":91,"column":22},"end":{"line":91,"column":23}},"loc":{"start":{"line":91,"column":32},"end":{"line":96,"column":3}},"line":91},"5":{"name":"(anonymous_5)","decl":{"start":{"line":98,"column":22},"end":{"line":98,"column":23}},"loc":{"start":{"line":98,"column":51},"end":{"line":104,"column":3}},"line":98},"6":{"name":"(anonymous_6)","decl":{"start":{"line":106,"column":19},"end":{"line":106,"column":20}},"loc":{"start":{"line":106,"column":29},"end":{"line":111,"column":3}},"line":106},"7":{"name":"(anonymous_7)","decl":{"start":{"line":113,"column":18},"end":{"line":113,"column":19}},"loc":{"start":{"line":113,"column":25},"end":{"line":118,"column":3}},"line":113}},"branchMap":{"0":{"loc":{"start":{"line":20,"column":33},"end":{"line":20,"column":54}},"type":"default-arg","locations":[{"start":{"line":20,"column":41},"end":{"line":20,"column":54}}],"line":20},"1":{"loc":{"start":{"line":21,"column":2},"end":{"line":76,"column":3}},"type":"switch","locations":[{"start":{"line":22,"column":4},"end":{"line":26,"column":8}},{"start":{"line":27,"column":4},"end":{"line":35,"column":8}},{"start":{"line":36,"column":4},"end":{"line":44,"column":8}},{"start":{"line":45,"column":4},"end":{"line":54,"column":8}},{"start":{"line":55,"column":4},"end":{"line":63,"column":8}},{"start":{"line":64,"column":4},"end":{"line":73,"column":8}},{"start":{"line":74,"column":4},"end":{"line":75,"column":19}}],"line":21}},"s":{"0":3,"1":3,"2":0,"3":0,"4":0,"5":0,"6":0,"7":0,"8":0,"9":0,"10":0,"11":3,"12":3,"13":0,"14":0,"15":0,"16":0,"17":2},"f":{"0":0,"1":0,"2":3,"3":0,"4":0,"5":0,"6":0,"7":2},"b":{"0":[0],"1":[0,0,0,0,0,0,0]},"_coverageSchema":"332fd63041d2c1bcb487cc26dd0d5f7d97098a6c","hash":"8e3b0abf31672f113e61369aeb7c313f824d51e0"}
,"/mnt/c/Users/Eric/Documents/gonative/GoCommerce/src/styles/colors.js": {"path":"/mnt/c/Users/Eric/Documents/gonative/GoCommerce/src/styles/colors.js","statementMap":{},"fnMap":{},"branchMap":{},"s":{},"f":{},"b":{},"_coverageSchema":"332fd63041d2c1bcb487cc26dd0d5f7d97098a6c","hash":"939f2d2f958f75a5aaefd270882d2a02edcc7401"}
,"/mnt/c/Users/Eric/Documents/gonative/GoCommerce/src/styles/general.js": {"path":"/mnt/c/Users/Eric/Documents/gonative/GoCommerce/src/styles/general.js","statementMap":{},"fnMap":{},"branchMap":{},"s":{},"f":{},"b":{},"_coverageSchema":"332fd63041d2c1bcb487cc26dd0d5f7d97098a6c","hash":"1022e29ebe12390e6094017a5b164bd099a21a97"}
,"/mnt/c/Users/Eric/Documents/gonative/GoCommerce/src/styles/index.js": {"path":"/mnt/c/Users/Eric/Documents/gonative/GoCommerce/src/styles/index.js","statementMap":{},"fnMap":{},"branchMap":{},"s":{},"f":{},"b":{},"_coverageSchema":"332fd63041d2c1bcb487cc26dd0d5f7d97098a6c","hash":"1c657aae9cfddd8f4b583de45662a18c395de6da"}
,"/mnt/c/Users/Eric/Documents/gonative/GoCommerce/src/styles/metrics.js": {"path":"/mnt/c/Users/Eric/Documents/gonative/GoCommerce/src/styles/metrics.js","statementMap":{"0":{"start":{"line":3,"column":26},"end":{"line":3,"column":50}}},"fnMap":{},"branchMap":{"0":{"loc":{"start":{"line":9,"column":15},"end":{"line":9,"column":46}},"type":"cond-expr","locations":[{"start":{"line":9,"column":32},"end":{"line":9,"column":37}},{"start":{"line":9,"column":40},"end":{"line":9,"column":46}}],"line":9},"1":{"loc":{"start":{"line":10,"column":16},"end":{"line":10,"column":47}},"type":"cond-expr","locations":[{"start":{"line":10,"column":33},"end":{"line":10,"column":39}},{"start":{"line":10,"column":42},"end":{"line":10,"column":47}}],"line":10}},"s":{"0":5},"f":{},"b":{"0":[5,0],"1":[5,0]},"_coverageSchema":"332fd63041d2c1bcb487cc26dd0d5f7d97098a6c","hash":"e2397d578e9dcb7d4d8778629de2d5498ec6bd4d"}
}
