{"/mnt/c/Users/Eric/Documents/gonative/GoCommerce/__tests__/setup.js": {"path":"/mnt/c/Users/Eric/Documents/gonative/GoCommerce/__tests__/setup.js","statementMap":{"0":{"start":{"line":4,"column":0},"end":{"line":4,"column":45}}},"fnMap":{},"branchMap":{},"s":{"0":16},"f":{},"b":{},"_coverageSchema":"332fd63041d2c1bcb487cc26dd0d5f7d97098a6c","hash":"5b3ca47a3f55bd249ae4c21958a37de87e135bbf"}
,"/mnt/c/Users/Eric/Documents/gonative/GoCommerce/src/components/TabIcon/index.js": {"path":"/mnt/c/Users/Eric/Documents/gonative/GoCommerce/src/components/TabIcon/index.js","statementMap":{"0":{"start":{"line":5,"column":16},"end":{"line":7,"column":1}},"1":{"start":{"line":6,"column":2},"end":{"line":6,"column":50}},"2":{"start":{"line":9,"column":0},"end":{"line":11,"column":2}}},"fnMap":{"0":{"name":"(anonymous_0)","decl":{"start":{"line":5,"column":16},"end":{"line":5,"column":17}},"loc":{"start":{"line":6,"column":2},"end":{"line":6,"column":50}},"line":6}},"branchMap":{},"s":{"0":1,"1":1,"2":1},"f":{"0":1},"b":{},"_coverageSchema":"332fd63041d2c1bcb487cc26dd0d5f7d97098a6c","hash":"feb0ef9b75eda3b07de388e9985a1ca0e210a4d3"}
,"/mnt/c/Users/Eric/Documents/gonative/GoCommerce/src/helpers/index.js": {"path":"/mnt/c/Users/Eric/Documents/gonative/GoCommerce/src/helpers/index.js","statementMap":{"0":{"start":{"line":5,"column":4},"end":{"line":5,"column":44}}},"fnMap":{"0":{"name":"(anonymous_0)","decl":{"start":{"line":4,"column":2},"end":{"line":4,"column":3}},"loc":{"start":{"line":4,"column":28},"end":{"line":6,"column":3}},"line":4}},"branchMap":{},"s":{"0":16},"f":{"0":16},"b":{},"_coverageSchema":"332fd63041d2c1bcb487cc26dd0d5f7d97098a6c","hash":"fd0a47d1c6ec554888ef91641a428b414e41d7be"}
,"/mnt/c/Users/Eric/Documents/gonative/GoCommerce/src/pages/Cart/index.js": {"path":"/mnt/c/Users/Eric/Documents/gonative/GoCommerce/src/pages/Cart/index.js","statementMap":{"0":{"start":{"line":15,"column":13},"end":{"line":29,"column":1}},"1":{"start":{"line":16,"column":2},"end":{"line":28,"column":9}},"2":{"start":{"line":31,"column":0},"end":{"line":34,"column":2}},"3":{"start":{"line":33,"column":23},"end":{"line":33,"column":66}},"4":{"start":{"line":36,"column":24},"end":{"line":39,"column":2}},"5":{"start":{"line":36,"column":34},"end":{"line":39,"column":1}}},"fnMap":{"0":{"name":"(anonymous_0)","decl":{"start":{"line":15,"column":13},"end":{"line":15,"column":14}},"loc":{"start":{"line":16,"column":2},"end":{"line":28,"column":9}},"line":16},"1":{"name":"(anonymous_1)","decl":{"start":{"line":33,"column":14},"end":{"line":33,"column":15}},"loc":{"start":{"line":33,"column":23},"end":{"line":33,"column":66}},"line":33},"2":{"name":"(anonymous_2)","decl":{"start":{"line":36,"column":24},"end":{"line":36,"column":25}},"loc":{"start":{"line":36,"column":34},"end":{"line":39,"column":1}},"line":36}},"branchMap":{"0":{"loc":{"start":{"line":19,"column":8},"end":{"line":21,"column":56}},"type":"cond-expr","locations":[{"start":{"line":20,"column":10},"end":{"line":20,"column":82}},{"start":{"line":21,"column":10},"end":{"line":21,"column":56}}],"line":19}},"s":{"0":1,"1":2,"2":1,"3":1,"4":1,"5":2},"f":{"0":2,"1":1,"2":2},"b":{"0":[1,1]},"_coverageSchema":"332fd63041d2c1bcb487cc26dd0d5f7d97098a6c","hash":"a660e10ecfcf8273934670ea8590db3a361a4606"}
,"/mnt/c/Users/Eric/Documents/gonative/GoCommerce/src/pages/Cart/styles.js": {"path":"/mnt/c/Users/Eric/Documents/gonative/GoCommerce/src/pages/Cart/styles.js","statementMap":{"0":{"start":{"line":4,"column":15},"end":{"line":38,"column":2}}},"fnMap":{},"branchMap":{},"s":{"0":1},"f":{},"b":{},"_coverageSchema":"332fd63041d2c1bcb487cc26dd0d5f7d97098a6c","hash":"8d667fcdba1207df169589e5357a877438da6240"}
,"/mnt/c/Users/Eric/Documents/gonative/GoCommerce/src/pages/Cart/components/Header/index.js": {"path":"/mnt/c/Users/Eric/Documents/gonative/GoCommerce/src/pages/Cart/components/Header/index.js","statementMap":{"0":{"start":{"line":7,"column":15},"end":{"line":11,"column":1}},"1":{"start":{"line":8,"column":2},"end":{"line":10,"column":9}}},"fnMap":{"0":{"name":"(anonymous_0)","decl":{"start":{"line":7,"column":15},"end":{"line":7,"column":16}},"loc":{"start":{"line":8,"column":2},"end":{"line":10,"column":9}},"line":8}},"branchMap":{},"s":{"0":2,"1":1},"f":{"0":1},"b":{},"_coverageSchema":"332fd63041d2c1bcb487cc26dd0d5f7d97098a6c","hash":"d22f3c8b416c49bf4ad34c99a545d3370f45f5d8"}
,"/mnt/c/Users/Eric/Documents/gonative/GoCommerce/src/pages/Cart/components/Header/styles.js": {"path":"/mnt/c/Users/Eric/Documents/gonative/GoCommerce/src/pages/Cart/components/Header/styles.js","statementMap":{"0":{"start":{"line":4,"column":15},"end":{"line":17,"column":2}}},"fnMap":{},"branchMap":{},"s":{"0":2},"f":{},"b":{},"_coverageSchema":"332fd63041d2c1bcb487cc26dd0d5f7d97098a6c","hash":"de8eacf4b57e870605212010317831160eaea881"}
,"/mnt/c/Users/Eric/Documents/gonative/GoCommerce/src/pages/Cart/components/PurchaseList/index.js": {"path":"/mnt/c/Users/Eric/Documents/gonative/GoCommerce/src/pages/Cart/components/PurchaseList/index.js","statementMap":{"0":{"start":{"line":22,"column":23},"end":{"line":22,"column":38}},"1":{"start":{"line":24,"column":32},"end":{"line":24,"column":60}},"2":{"start":{"line":27,"column":31},"end":{"line":27,"column":41}},"3":{"start":{"line":28,"column":4},"end":{"line":28,"column":37}},"4":{"start":{"line":28,"column":25},"end":{"line":28,"column":37}},"5":{"start":{"line":29,"column":4},"end":{"line":35,"column":6}},"6":{"start":{"line":39,"column":27},"end":{"line":39,"column":81}},"7":{"start":{"line":39,"column":39},"end":{"line":39,"column":81}}},"fnMap":{"0":{"name":"(anonymous_0)","decl":{"start":{"line":22,"column":15},"end":{"line":22,"column":16}},"loc":{"start":{"line":22,"column":23},"end":{"line":22,"column":38}},"line":22},"1":{"name":"(anonymous_1)","decl":{"start":{"line":24,"column":18},"end":{"line":24,"column":19}},"loc":{"start":{"line":24,"column":32},"end":{"line":24,"column":60}},"line":24},"2":{"name":"(anonymous_2)","decl":{"start":{"line":26,"column":2},"end":{"line":26,"column":3}},"loc":{"start":{"line":26,"column":11},"end":{"line":36,"column":3}},"line":26},"3":{"name":"(anonymous_3)","decl":{"start":{"line":39,"column":27},"end":{"line":39,"column":28}},"loc":{"start":{"line":39,"column":39},"end":{"line":39,"column":81}},"line":39}},"branchMap":{"0":{"loc":{"start":{"line":28,"column":4},"end":{"line":28,"column":37}},"type":"if","locations":[{"start":{"line":28,"column":4},"end":{"line":28,"column":37}},{"start":{"line":28,"column":4},"end":{"line":28,"column":37}}],"line":28}},"s":{"0":1,"1":1,"2":2,"3":2,"4":1,"5":1,"6":2,"7":2},"f":{"0":1,"1":1,"2":2,"3":2},"b":{"0":[1,1]},"_coverageSchema":"332fd63041d2c1bcb487cc26dd0d5f7d97098a6c","hash":"5ea220b6dd7807de3a978f70bd476af4d3857768"}
,"/mnt/c/Users/Eric/Documents/gonative/GoCommerce/src/pages/Cart/components/PurchaseList/components/PurchaseItem/index.js": {"path":"/mnt/c/Users/Eric/Documents/gonative/GoCommerce/src/pages/Cart/components/PurchaseList/components/PurchaseItem/index.js","statementMap":{"0":{"start":{"line":16,"column":21},"end":{"line":42,"column":1}},"1":{"start":{"line":17,"column":2},"end":{"line":41,"column":9}},"2":{"start":{"line":35,"column":30},"end":{"line":35,"column":59}},"3":{"start":{"line":36,"column":20},"end":{"line":36,"column":62}},"4":{"start":{"line":38,"column":37},"end":{"line":38,"column":59}},"5":{"start":{"line":44,"column":0},"end":{"line":48,"column":2}},"6":{"start":{"line":50,"column":27},"end":{"line":50,"column":81}},"7":{"start":{"line":50,"column":39},"end":{"line":50,"column":81}}},"fnMap":{"0":{"name":"(anonymous_0)","decl":{"start":{"line":16,"column":21},"end":{"line":16,"column":22}},"loc":{"start":{"line":17,"column":2},"end":{"line":41,"column":9}},"line":17},"1":{"name":"(anonymous_1)","decl":{"start":{"line":35,"column":20},"end":{"line":35,"column":21}},"loc":{"start":{"line":35,"column":30},"end":{"line":35,"column":59}},"line":35},"2":{"name":"(anonymous_2)","decl":{"start":{"line":36,"column":14},"end":{"line":36,"column":15}},"loc":{"start":{"line":36,"column":20},"end":{"line":36,"column":62}},"line":36},"3":{"name":"(anonymous_3)","decl":{"start":{"line":38,"column":31},"end":{"line":38,"column":32}},"loc":{"start":{"line":38,"column":37},"end":{"line":38,"column":59}},"line":38},"4":{"name":"(anonymous_4)","decl":{"start":{"line":50,"column":27},"end":{"line":50,"column":28}},"loc":{"start":{"line":50,"column":39},"end":{"line":50,"column":81}},"line":50}},"branchMap":{"0":{"loc":{"start":{"line":36,"column":20},"end":{"line":36,"column":62}},"type":"binary-expr","locations":[{"start":{"line":36,"column":20},"end":{"line":36,"column":32}},{"start":{"line":36,"column":36},"end":{"line":36,"column":62}}],"line":36}},"s":{"0":3,"1":4,"2":1,"3":1,"4":1,"5":3,"6":3,"7":4},"f":{"0":4,"1":1,"2":1,"3":1,"4":4},"b":{"0":[1,1]},"_coverageSchema":"332fd63041d2c1bcb487cc26dd0d5f7d97098a6c","hash":"8793ea94bd1848653d891147e5d028f920229f1b"}
,"/mnt/c/Users/Eric/Documents/gonative/GoCommerce/src/pages/Cart/components/PurchaseList/components/PurchaseItem/styles.js": {"path":"/mnt/c/Users/Eric/Documents/gonative/GoCommerce/src/pages/Cart/components/PurchaseList/components/PurchaseItem/styles.js","statementMap":{"0":{"start":{"line":4,"column":15},"end":{"line":40,"column":2}}},"fnMap":{},"branchMap":{},"s":{"0":3},"f":{},"b":{},"_coverageSchema":"332fd63041d2c1bcb487cc26dd0d5f7d97098a6c","hash":"2b2a73aada66f9de1a8e8b265c280190d6ffb21f"}
,"/mnt/c/Users/Eric/Documents/gonative/GoCommerce/src/pages/Details/index.js": {"path":"/mnt/c/Users/Eric/Documents/gonative/GoCommerce/src/pages/Details/index.js","statementMap":{"0":{"start":{"line":47,"column":19},"end":{"line":47,"column":53}},"1":{"start":{"line":48,"column":4},"end":{"line":48,"column":30}},"2":{"start":{"line":52,"column":29},"end":{"line":52,"column":44}},"3":{"start":{"line":53,"column":26},"end":{"line":53,"column":75}},"4":{"start":{"line":53,"column":52},"end":{"line":53,"column":74}},"5":{"start":{"line":54,"column":35},"end":{"line":68,"column":7}},"6":{"start":{"line":69,"column":4},"end":{"line":69,"column":47}},"7":{"start":{"line":71,"column":24},"end":{"line":76,"column":6}},"8":{"start":{"line":77,"column":4},"end":{"line":77,"column":48}},"9":{"start":{"line":78,"column":4},"end":{"line":78,"column":43}},"10":{"start":{"line":82,"column":24},"end":{"line":82,"column":42}},"11":{"start":{"line":83,"column":4},"end":{"line":83,"column":30}},"12":{"start":{"line":83,"column":18},"end":{"line":83,"column":30}},"13":{"start":{"line":84,"column":4},"end":{"line":102,"column":6}},"14":{"start":{"line":98,"column":63},"end":{"line":98,"column":87}},"15":{"start":{"line":106,"column":4},"end":{"line":108,"column":11}},"16":{"start":{"line":112,"column":24},"end":{"line":112,"column":42}},"17":{"start":{"line":113,"column":4},"end":{"line":115,"column":29}},"18":{"start":{"line":119,"column":24},"end":{"line":122,"column":2}},"19":{"start":{"line":119,"column":34},"end":{"line":122,"column":1}},"20":{"start":{"line":123,"column":27},"end":{"line":126,"column":12}},"21":{"start":{"line":123,"column":39},"end":{"line":126,"column":12}}},"fnMap":{"0":{"name":"(anonymous_0)","decl":{"start":{"line":46,"column":2},"end":{"line":46,"column":3}},"loc":{"start":{"line":46,"column":23},"end":{"line":49,"column":3}},"line":46},"1":{"name":"(anonymous_1)","decl":{"start":{"line":51,"column":15},"end":{"line":51,"column":16}},"loc":{"start":{"line":51,"column":28},"end":{"line":79,"column":3}},"line":51},"2":{"name":"(anonymous_2)","decl":{"start":{"line":53,"column":44},"end":{"line":53,"column":45}},"loc":{"start":{"line":53,"column":52},"end":{"line":53,"column":74}},"line":53},"3":{"name":"(anonymous_3)","decl":{"start":{"line":81,"column":18},"end":{"line":81,"column":19}},"loc":{"start":{"line":81,"column":24},"end":{"line":103,"column":3}},"line":81},"4":{"name":"(anonymous_4)","decl":{"start":{"line":98,"column":57},"end":{"line":98,"column":58}},"loc":{"start":{"line":98,"column":63},"end":{"line":98,"column":87}},"line":98},"5":{"name":"(anonymous_5)","decl":{"start":{"line":105,"column":18},"end":{"line":105,"column":19}},"loc":{"start":{"line":106,"column":4},"end":{"line":108,"column":11}},"line":106},"6":{"name":"(anonymous_6)","decl":{"start":{"line":111,"column":2},"end":{"line":111,"column":3}},"loc":{"start":{"line":111,"column":11},"end":{"line":116,"column":3}},"line":111},"7":{"name":"(anonymous_7)","decl":{"start":{"line":119,"column":24},"end":{"line":119,"column":25}},"loc":{"start":{"line":119,"column":34},"end":{"line":122,"column":1}},"line":119},"8":{"name":"(anonymous_8)","decl":{"start":{"line":123,"column":27},"end":{"line":123,"column":28}},"loc":{"start":{"line":123,"column":39},"end":{"line":126,"column":12}},"line":123}},"branchMap":{"0":{"loc":{"start":{"line":54,"column":35},"end":{"line":68,"column":7}},"type":"cond-expr","locations":[{"start":{"line":55,"column":8},"end":{"line":61,"column":7}},{"start":{"line":62,"column":8},"end":{"line":68,"column":7}}],"line":54},"1":{"loc":{"start":{"line":83,"column":4},"end":{"line":83,"column":30}},"type":"if","locations":[{"start":{"line":83,"column":4},"end":{"line":83,"column":30}},{"start":{"line":83,"column":4},"end":{"line":83,"column":30}}],"line":83},"2":{"loc":{"start":{"line":113,"column":11},"end":{"line":115,"column":28}},"type":"cond-expr","locations":[{"start":{"line":114,"column":8},"end":{"line":114,"column":28}},{"start":{"line":115,"column":8},"end":{"line":115,"column":28}}],"line":113}},"s":{"0":5,"1":5,"2":1,"3":1,"4":0,"5":1,"6":1,"7":1,"8":1,"9":1,"10":4,"11":4,"12":1,"13":3,"14":1,"15":1,"16":5,"17":5,"18":1,"19":3,"20":1,"21":3},"f":{"0":5,"1":1,"2":0,"3":4,"4":1,"5":1,"6":5,"7":3,"8":3},"b":{"0":[0,1],"1":[1,3],"2":[1,4]},"_coverageSchema":"332fd63041d2c1bcb487cc26dd0d5f7d97098a6c","hash":"4de3f11aa09c30ca8d8cc617555683296337db02"}
,"/mnt/c/Users/Eric/Documents/gonative/GoCommerce/src/pages/Details/styles.js": {"path":"/mnt/c/Users/Eric/Documents/gonative/GoCommerce/src/pages/Details/styles.js","statementMap":{"0":{"start":{"line":4,"column":15},"end":{"line":54,"column":2}}},"fnMap":{},"branchMap":{},"s":{"0":1},"f":{},"b":{},"_coverageSchema":"332fd63041d2c1bcb487cc26dd0d5f7d97098a6c","hash":"eaf570450f86dd0d657978014170910250adcc6c"}
,"/mnt/c/Users/Eric/Documents/gonative/GoCommerce/src/pages/Home/index.js": {"path":"/mnt/c/Users/Eric/Documents/gonative/GoCommerce/src/pages/Home/index.js","statementMap":{"0":{"start":{"line":28,"column":4},"end":{"line":28,"column":32}},"1":{"start":{"line":32,"column":56},"end":{"line":32,"column":75}},"2":{"start":{"line":33,"column":4},"end":{"line":33,"column":99}},"3":{"start":{"line":33,"column":87},"end":{"line":33,"column":99}},"4":{"start":{"line":35,"column":21},"end":{"line":35,"column":55}},"5":{"start":{"line":35,"column":44},"end":{"line":35,"column":54}},"6":{"start":{"line":36,"column":21},"end":{"line":36,"column":47}},"7":{"start":{"line":37,"column":4},"end":{"line":42,"column":6}},"8":{"start":{"line":46,"column":24},"end":{"line":46,"column":63}},"9":{"start":{"line":46,"column":34},"end":{"line":46,"column":62}},"10":{"start":{"line":48,"column":27},"end":{"line":48,"column":85}},"11":{"start":{"line":48,"column":39},"end":{"line":48,"column":85}}},"fnMap":{"0":{"name":"(anonymous_0)","decl":{"start":{"line":27,"column":2},"end":{"line":27,"column":3}},"loc":{"start":{"line":27,"column":23},"end":{"line":29,"column":3}},"line":27},"1":{"name":"(anonymous_1)","decl":{"start":{"line":31,"column":2},"end":{"line":31,"column":3}},"loc":{"start":{"line":31,"column":11},"end":{"line":43,"column":3}},"line":31},"2":{"name":"(anonymous_2)","decl":{"start":{"line":35,"column":39},"end":{"line":35,"column":40}},"loc":{"start":{"line":35,"column":44},"end":{"line":35,"column":54}},"line":35},"3":{"name":"(anonymous_3)","decl":{"start":{"line":46,"column":24},"end":{"line":46,"column":25}},"loc":{"start":{"line":46,"column":34},"end":{"line":46,"column":62}},"line":46},"4":{"name":"(anonymous_4)","decl":{"start":{"line":48,"column":27},"end":{"line":48,"column":28}},"loc":{"start":{"line":48,"column":39},"end":{"line":48,"column":85}},"line":48}},"branchMap":{"0":{"loc":{"start":{"line":33,"column":4},"end":{"line":33,"column":99}},"type":"if","locations":[{"start":{"line":33,"column":4},"end":{"line":33,"column":99}},{"start":{"line":33,"column":4},"end":{"line":33,"column":99}}],"line":33},"1":{"loc":{"start":{"line":33,"column":8},"end":{"line":33,"column":85}},"type":"binary-expr","locations":[{"start":{"line":33,"column":9},"end":{"line":33,"column":19}},{"start":{"line":33,"column":23},"end":{"line":33,"column":46}},{"start":{"line":33,"column":51},"end":{"line":33,"column":62}},{"start":{"line":33,"column":66},"end":{"line":33,"column":85}}],"line":33}},"s":{"0":3,"1":3,"2":3,"3":1,"4":2,"5":2,"6":2,"7":2,"8":1,"9":2,"10":1,"11":2},"f":{"0":3,"1":3,"2":2,"3":2,"4":2},"b":{"0":[1,2],"1":[3,3,2,2]},"_coverageSchema":"332fd63041d2c1bcb487cc26dd0d5f7d97098a6c","hash":"a2e68066ab132dcd9b184eec5cb005c925352b97"}
,"/mnt/c/Users/Eric/Documents/gonative/GoCommerce/src/pages/Home/components/Menu/index.js": {"path":"/mnt/c/Users/Eric/Documents/gonative/GoCommerce/src/pages/Home/components/Menu/index.js","statementMap":{"0":{"start":{"line":19,"column":23},"end":{"line":19,"column":38}},"1":{"start":{"line":21,"column":36},"end":{"line":21,"column":60}},"2":{"start":{"line":24,"column":27},"end":{"line":24,"column":37}},"3":{"start":{"line":25,"column":4},"end":{"line":34,"column":6}},"4":{"start":{"line":38,"column":27},"end":{"line":38,"column":85}},"5":{"start":{"line":38,"column":39},"end":{"line":38,"column":85}}},"fnMap":{"0":{"name":"(anonymous_0)","decl":{"start":{"line":19,"column":15},"end":{"line":19,"column":16}},"loc":{"start":{"line":19,"column":23},"end":{"line":19,"column":38}},"line":19},"1":{"name":"(anonymous_1)","decl":{"start":{"line":21,"column":21},"end":{"line":21,"column":22}},"loc":{"start":{"line":21,"column":36},"end":{"line":21,"column":60}},"line":21},"2":{"name":"(anonymous_2)","decl":{"start":{"line":23,"column":2},"end":{"line":23,"column":3}},"loc":{"start":{"line":23,"column":11},"end":{"line":35,"column":3}},"line":23},"3":{"name":"(anonymous_3)","decl":{"start":{"line":38,"column":27},"end":{"line":38,"column":28}},"loc":{"start":{"line":38,"column":39},"end":{"line":38,"column":85}},"line":38}},"branchMap":{},"s":{"0":1,"1":1,"2":4,"3":4,"4":2,"5":1},"f":{"0":1,"1":1,"2":4,"3":1},"b":{},"_coverageSchema":"332fd63041d2c1bcb487cc26dd0d5f7d97098a6c","hash":"1beef895b497ace16b5548e377650f10d8290c06"}
,"/mnt/c/Users/Eric/Documents/gonative/GoCommerce/src/pages/Home/components/Menu/styles.js": {"path":"/mnt/c/Users/Eric/Documents/gonative/GoCommerce/src/pages/Home/components/Menu/styles.js","statementMap":{"0":{"start":{"line":4,"column":15},"end":{"line":11,"column":2}}},"fnMap":{},"branchMap":{},"s":{"0":2},"f":{},"b":{},"_coverageSchema":"332fd63041d2c1bcb487cc26dd0d5f7d97098a6c","hash":"942ff936708469cf253cc9989049ca6645f8bd21"}
,"/mnt/c/Users/Eric/Documents/gonative/GoCommerce/src/pages/Home/components/Menu/components/Category/index.js": {"path":"/mnt/c/Users/Eric/Documents/gonative/GoCommerce/src/pages/Home/components/Menu/components/Category/index.js","statementMap":{"0":{"start":{"line":12,"column":17},"end":{"line":25,"column":1}},"1":{"start":{"line":13,"column":25},"end":{"line":15,"column":27}},"2":{"start":{"line":16,"column":21},"end":{"line":16,"column":88}},"3":{"start":{"line":17,"column":2},"end":{"line":24,"column":4}},"4":{"start":{"line":20,"column":21},"end":{"line":20,"column":44}},"5":{"start":{"line":27,"column":0},"end":{"line":34,"column":2}},"6":{"start":{"line":36,"column":27},"end":{"line":36,"column":85}},"7":{"start":{"line":36,"column":39},"end":{"line":36,"column":85}}},"fnMap":{"0":{"name":"(anonymous_0)","decl":{"start":{"line":12,"column":17},"end":{"line":12,"column":18}},"loc":{"start":{"line":12,"column":47},"end":{"line":25,"column":1}},"line":12},"1":{"name":"(anonymous_1)","decl":{"start":{"line":20,"column":15},"end":{"line":20,"column":16}},"loc":{"start":{"line":20,"column":21},"end":{"line":20,"column":44}},"line":20},"2":{"name":"(anonymous_2)","decl":{"start":{"line":36,"column":27},"end":{"line":36,"column":28}},"loc":{"start":{"line":36,"column":39},"end":{"line":36,"column":85}},"line":36}},"branchMap":{"0":{"loc":{"start":{"line":13,"column":25},"end":{"line":15,"column":27}},"type":"cond-expr","locations":[{"start":{"line":14,"column":6},"end":{"line":14,"column":60}},{"start":{"line":15,"column":6},"end":{"line":15,"column":27}}],"line":13},"1":{"loc":{"start":{"line":16,"column":21},"end":{"line":16,"column":88}},"type":"cond-expr","locations":[{"start":{"line":16,"column":37},"end":{"line":16,"column":73}},{"start":{"line":16,"column":76},"end":{"line":16,"column":88}}],"line":16}},"s":{"0":3,"1":4,"2":4,"3":4,"4":1,"5":3,"6":3,"7":3},"f":{"0":4,"1":1,"2":3},"b":{"0":[4,0],"1":[4,0]},"_coverageSchema":"332fd63041d2c1bcb487cc26dd0d5f7d97098a6c","hash":"fd0a622a6574eb1ea0f09c7ed2ef739ae9a8902f"}
,"/mnt/c/Users/Eric/Documents/gonative/GoCommerce/src/pages/Home/components/Menu/components/Category/styles.js": {"path":"/mnt/c/Users/Eric/Documents/gonative/GoCommerce/src/pages/Home/components/Menu/components/Category/styles.js","statementMap":{"0":{"start":{"line":4,"column":15},"end":{"line":22,"column":2}}},"fnMap":{},"branchMap":{},"s":{"0":3},"f":{},"b":{},"_coverageSchema":"332fd63041d2c1bcb487cc26dd0d5f7d97098a6c","hash":"5e0604084ff2de95edf1e569095959ffc223d21f"}
,"/mnt/c/Users/Eric/Documents/gonative/GoCommerce/src/pages/Home/components/ProductsList/index.js": {"path":"/mnt/c/Users/Eric/Documents/gonative/GoCommerce/src/pages/Home/components/ProductsList/index.js","statementMap":{"0":{"start":{"line":29,"column":23},"end":{"line":29,"column":38}},"1":{"start":{"line":31,"column":22},"end":{"line":31,"column":71}},"2":{"start":{"line":33,"column":33},"end":{"line":33,"column":93}},"3":{"start":{"line":37,"column":4},"end":{"line":45,"column":11}},"4":{"start":{"line":49,"column":34},"end":{"line":49,"column":44}},"5":{"start":{"line":50,"column":4},"end":{"line":57,"column":6}}},"fnMap":{"0":{"name":"(anonymous_0)","decl":{"start":{"line":23,"column":16},"end":{"line":23,"column":17}},"loc":{"start":{"line":23,"column":22},"end":{"line":23,"column":24}},"line":23},"1":{"name":"(anonymous_1)","decl":{"start":{"line":29,"column":15},"end":{"line":29,"column":16}},"loc":{"start":{"line":29,"column":23},"end":{"line":29,"column":38}},"line":29},"2":{"name":"(anonymous_2)","decl":{"start":{"line":31,"column":16},"end":{"line":31,"column":17}},"loc":{"start":{"line":31,"column":22},"end":{"line":31,"column":71}},"line":31},"3":{"name":"(anonymous_3)","decl":{"start":{"line":33,"column":18},"end":{"line":33,"column":19}},"loc":{"start":{"line":33,"column":33},"end":{"line":33,"column":93}},"line":33},"4":{"name":"(anonymous_4)","decl":{"start":{"line":36,"column":15},"end":{"line":36,"column":16}},"loc":{"start":{"line":37,"column":4},"end":{"line":45,"column":11}},"line":37},"5":{"name":"(anonymous_5)","decl":{"start":{"line":48,"column":2},"end":{"line":48,"column":3}},"loc":{"start":{"line":48,"column":11},"end":{"line":58,"column":3}},"line":48}},"branchMap":{"0":{"loc":{"start":{"line":52,"column":10},"end":{"line":54,"column":37}},"type":"cond-expr","locations":[{"start":{"line":53,"column":12},"end":{"line":53,"column":67}},{"start":{"line":54,"column":12},"end":{"line":54,"column":37}}],"line":52}},"s":{"0":1,"1":1,"2":1,"3":2,"4":3,"5":3},"f":{"0":0,"1":1,"2":1,"3":1,"4":2,"5":3},"b":{"0":[1,2]},"_coverageSchema":"332fd63041d2c1bcb487cc26dd0d5f7d97098a6c","hash":"48379a15aafedcec261a946d151d27816fa66933"}
,"/mnt/c/Users/Eric/Documents/gonative/GoCommerce/src/pages/Home/components/ProductsList/styles.js": {"path":"/mnt/c/Users/Eric/Documents/gonative/GoCommerce/src/pages/Home/components/ProductsList/styles.js","statementMap":{"0":{"start":{"line":4,"column":15},"end":{"line":20,"column":2}}},"fnMap":{},"branchMap":{},"s":{"0":2},"f":{},"b":{},"_coverageSchema":"332fd63041d2c1bcb487cc26dd0d5f7d97098a6c","hash":"28096871ddbbdf81580a7d3c7eb29fa685cc9728"}
,"/mnt/c/Users/Eric/Documents/gonative/GoCommerce/src/pages/Home/components/ProductsList/components/ProductItem/index.js": {"path":"/mnt/c/Users/Eric/Documents/gonative/GoCommerce/src/pages/Home/components/ProductsList/components/ProductItem/index.js","statementMap":{"0":{"start":{"line":9,"column":20},"end":{"line":23,"column":1}},"1":{"start":{"line":10,"column":2},"end":{"line":22,"column":21}},"2":{"start":{"line":12,"column":19},"end":{"line":12,"column":41}},"3":{"start":{"line":25,"column":0},"end":{"line":32,"column":2}}},"fnMap":{"0":{"name":"(anonymous_0)","decl":{"start":{"line":9,"column":20},"end":{"line":9,"column":21}},"loc":{"start":{"line":10,"column":2},"end":{"line":22,"column":21}},"line":10},"1":{"name":"(anonymous_1)","decl":{"start":{"line":12,"column":13},"end":{"line":12,"column":14}},"loc":{"start":{"line":12,"column":19},"end":{"line":12,"column":41}},"line":12}},"branchMap":{},"s":{"0":3,"1":3,"2":1,"3":3},"f":{"0":3,"1":1},"b":{},"_coverageSchema":"332fd63041d2c1bcb487cc26dd0d5f7d97098a6c","hash":"52d50a3e94db5d82d6450acedffa1b500f0af475"}
,"/mnt/c/Users/Eric/Documents/gonative/GoCommerce/src/pages/Home/components/ProductsList/components/ProductItem/styles.js": {"path":"/mnt/c/Users/Eric/Documents/gonative/GoCommerce/src/pages/Home/components/ProductsList/components/ProductItem/styles.js","statementMap":{"0":{"start":{"line":4,"column":15},"end":{"line":25,"column":2}}},"fnMap":{},"branchMap":{},"s":{"0":3},"f":{},"b":{},"_coverageSchema":"332fd63041d2c1bcb487cc26dd0d5f7d97098a6c","hash":"3396b106a29283e18f814d4afbb2eea7bb9a24a3"}
,"/mnt/c/Users/Eric/Documents/gonative/GoCommerce/src/services/api.js": {"path":"/mnt/c/Users/Eric/Documents/gonative/GoCommerce/src/services/api.js","statementMap":{"0":{"start":{"line":3,"column":12},"end":{"line":5,"column":2}}},"fnMap":{},"branchMap":{},"s":{"0":2},"f":{},"b":{},"_coverageSchema":"332fd63041d2c1bcb487cc26dd0d5f7d97098a6c","hash":"07caa27c6fb89ae237200bf2bbe0fa00cd08f45c"}
,"/mnt/c/Users/Eric/Documents/gonative/GoCommerce/src/store/ducks/cart.js": {"path":"/mnt/c/Users/Eric/Documents/gonative/GoCommerce/src/store/ducks/cart.js","statementMap":{"0":{"start":{"line":4,"column":21},"end":{"line":8,"column":1}},"1":{"start":{"line":10,"column":22},"end":{"line":12,"column":2}},"2":{"start":{"line":15,"column":29},"end":{"line":15,"column":36}},"3":{"start":{"line":16,"column":19},"end":{"line":16,"column":29}},"4":{"start":{"line":17,"column":2},"end":{"line":17,"column":37}},"5":{"start":{"line":18,"column":2},"end":{"line":18,"column":18}},"6":{"start":{"line":22,"column":2},"end":{"line":45,"column":3}},"7":{"start":{"line":24,"column":6},"end":{"line":29,"column":8}},"8":{"start":{"line":31,"column":6},"end":{"line":34,"column":8}},"9":{"start":{"line":33,"column":53},"end":{"line":33,"column":79}},"10":{"start":{"line":36,"column":6},"end":{"line":42,"column":8}},"11":{"start":{"line":39,"column":11},"end":{"line":41,"column":21}},"12":{"start":{"line":44,"column":6},"end":{"line":44,"column":19}},"13":{"start":{"line":48,"column":24},"end":{"line":69,"column":1}},"14":{"start":{"line":49,"column":34},"end":{"line":55,"column":3}},"15":{"start":{"line":56,"column":24},"end":{"line":61,"column":3}},"16":{"start":{"line":62,"column":33},"end":{"line":68,"column":3}},"17":{"start":{"line":71,"column":25},"end":{"line":78,"column":1}},"18":{"start":{"line":73,"column":13},"end":{"line":73,"column":31}},"19":{"start":{"line":74,"column":20},"end":{"line":76,"column":16}},"20":{"start":{"line":74,"column":56},"end":{"line":76,"column":11}}},"fnMap":{"0":{"name":"addProduct","decl":{"start":{"line":14,"column":9},"end":{"line":14,"column":19}},"loc":{"start":{"line":14,"column":36},"end":{"line":19,"column":1}},"line":14},"1":{"name":"cart","decl":{"start":{"line":21,"column":24},"end":{"line":21,"column":28}},"loc":{"start":{"line":21,"column":60},"end":{"line":46,"column":1}},"line":21},"2":{"name":"(anonymous_2)","decl":{"start":{"line":33,"column":48},"end":{"line":33,"column":49}},"loc":{"start":{"line":33,"column":53},"end":{"line":33,"column":79}},"line":33},"3":{"name":"(anonymous_3)","decl":{"start":{"line":38,"column":45},"end":{"line":38,"column":46}},"loc":{"start":{"line":39,"column":11},"end":{"line":41,"column":21}},"line":39},"4":{"name":"(anonymous_4)","decl":{"start":{"line":49,"column":13},"end":{"line":49,"column":14}},"loc":{"start":{"line":49,"column":34},"end":{"line":55,"column":3}},"line":49},"5":{"name":"(anonymous_5)","decl":{"start":{"line":56,"column":17},"end":{"line":56,"column":18}},"loc":{"start":{"line":56,"column":24},"end":{"line":61,"column":3}},"line":56},"6":{"name":"(anonymous_6)","decl":{"start":{"line":62,"column":16},"end":{"line":62,"column":17}},"loc":{"start":{"line":62,"column":33},"end":{"line":68,"column":3}},"line":62},"7":{"name":"(anonymous_7)","decl":{"start":{"line":73,"column":4},"end":{"line":73,"column":5}},"loc":{"start":{"line":73,"column":13},"end":{"line":73,"column":31}},"line":73},"8":{"name":"(anonymous_8)","decl":{"start":{"line":74,"column":4},"end":{"line":74,"column":5}},"loc":{"start":{"line":74,"column":20},"end":{"line":76,"column":16}},"line":74},"9":{"name":"(anonymous_9)","decl":{"start":{"line":74,"column":40},"end":{"line":74,"column":41}},"loc":{"start":{"line":74,"column":56},"end":{"line":76,"column":11}},"line":74}},"branchMap":{"0":{"loc":{"start":{"line":21,"column":29},"end":{"line":21,"column":50}},"type":"default-arg","locations":[{"start":{"line":21,"column":37},"end":{"line":21,"column":50}}],"line":21},"1":{"loc":{"start":{"line":22,"column":2},"end":{"line":45,"column":3}},"type":"switch","locations":[{"start":{"line":23,"column":4},"end":{"line":29,"column":8}},{"start":{"line":30,"column":4},"end":{"line":34,"column":8}},{"start":{"line":35,"column":4},"end":{"line":42,"column":8}},{"start":{"line":43,"column":4},"end":{"line":44,"column":19}}],"line":22},"2":{"loc":{"start":{"line":26,"column":22},"end":{"line":28,"column":58}},"type":"cond-expr","locations":[{"start":{"line":27,"column":12},"end":{"line":27,"column":59}},{"start":{"line":28,"column":12},"end":{"line":28,"column":58}}],"line":26},"3":{"loc":{"start":{"line":39,"column":11},"end":{"line":41,"column":21}},"type":"cond-expr","locations":[{"start":{"line":40,"column":14},"end":{"line":40,"column":59}},{"start":{"line":41,"column":14},"end":{"line":41,"column":21}}],"line":39},"4":{"loc":{"start":{"line":74,"column":56},"end":{"line":76,"column":11}},"type":"cond-expr","locations":[{"start":{"line":75,"column":8},"end":{"line":75,"column":54}},{"start":{"line":76,"column":8},"end":{"line":76,"column":11}}],"line":74}},"s":{"0":5,"1":5,"2":1,"3":1,"4":1,"5":1,"6":8,"7":4,"8":1,"9":1,"10":2,"11":2,"12":1,"13":5,"14":6,"15":3,"16":6,"17":5,"18":2,"19":2,"20":1},"f":{"0":1,"1":8,"2":1,"3":2,"4":6,"5":3,"6":6,"7":2,"8":2,"9":1},"b":{"0":[0],"1":[4,1,2,1],"2":[3,1],"3":[1,1],"4":[1,0]},"_coverageSchema":"332fd63041d2c1bcb487cc26dd0d5f7d97098a6c","hash":"1ebdcd8206fe8e2679146c6411c4a6643a492c4c"}
,"/mnt/c/Users/Eric/Documents/gonative/GoCommerce/src/store/ducks/details.js": {"path":"/mnt/c/Users/Eric/Documents/gonative/GoCommerce/src/store/ducks/details.js","statementMap":{"0":{"start":{"line":3,"column":21},"end":{"line":7,"column":1}},"1":{"start":{"line":9,"column":22},"end":{"line":13,"column":2}},"2":{"start":{"line":16,"column":2},"end":{"line":37,"column":3}},"3":{"start":{"line":18,"column":6},"end":{"line":22,"column":8}},"4":{"start":{"line":24,"column":6},"end":{"line":28,"column":8}},"5":{"start":{"line":30,"column":6},"end":{"line":34,"column":8}},"6":{"start":{"line":36,"column":6},"end":{"line":36,"column":19}},"7":{"start":{"line":40,"column":24},"end":{"line":61,"column":1}},"8":{"start":{"line":41,"column":21},"end":{"line":46,"column":3}},"9":{"start":{"line":48,"column":33},"end":{"line":53,"column":3}},"10":{"start":{"line":55,"column":28},"end":{"line":60,"column":3}}},"fnMap":{"0":{"name":"details","decl":{"start":{"line":15,"column":24},"end":{"line":15,"column":31}},"loc":{"start":{"line":15,"column":63},"end":{"line":38,"column":1}},"line":15},"1":{"name":"(anonymous_1)","decl":{"start":{"line":41,"column":14},"end":{"line":41,"column":15}},"loc":{"start":{"line":41,"column":21},"end":{"line":46,"column":3}},"line":41},"2":{"name":"(anonymous_2)","decl":{"start":{"line":48,"column":21},"end":{"line":48,"column":22}},"loc":{"start":{"line":48,"column":33},"end":{"line":53,"column":3}},"line":48},"3":{"name":"(anonymous_3)","decl":{"start":{"line":55,"column":18},"end":{"line":55,"column":19}},"loc":{"start":{"line":55,"column":28},"end":{"line":60,"column":3}},"line":55}},"branchMap":{"0":{"loc":{"start":{"line":15,"column":32},"end":{"line":15,"column":53}},"type":"default-arg","locations":[{"start":{"line":15,"column":40},"end":{"line":15,"column":53}}],"line":15},"1":{"loc":{"start":{"line":16,"column":2},"end":{"line":37,"column":3}},"type":"switch","locations":[{"start":{"line":17,"column":4},"end":{"line":22,"column":8}},{"start":{"line":23,"column":4},"end":{"line":28,"column":8}},{"start":{"line":29,"column":4},"end":{"line":34,"column":8}},{"start":{"line":35,"column":4},"end":{"line":36,"column":19}}],"line":16}},"s":{"0":4,"1":4,"2":4,"3":1,"4":1,"5":1,"6":1,"7":4,"8":9,"9":3,"10":3},"f":{"0":4,"1":9,"2":3,"3":3},"b":{"0":[0],"1":[1,1,1,1]},"_coverageSchema":"332fd63041d2c1bcb487cc26dd0d5f7d97098a6c","hash":"1e734128c855ff655f23fde7fa88b2c02e906e5b"}
,"/mnt/c/Users/Eric/Documents/gonative/GoCommerce/src/store/ducks/products.js": {"path":"/mnt/c/Users/Eric/Documents/gonative/GoCommerce/src/store/ducks/products.js","statementMap":{"0":{"start":{"line":1,"column":21},"end":{"line":8,"column":1}},"1":{"start":{"line":10,"column":22},"end":{"line":18,"column":1}},"2":{"start":{"line":21,"column":2},"end":{"line":77,"column":3}},"3":{"start":{"line":23,"column":6},"end":{"line":26,"column":8}},"4":{"start":{"line":28,"column":6},"end":{"line":36,"column":8}},"5":{"start":{"line":38,"column":6},"end":{"line":45,"column":8}},"6":{"start":{"line":47,"column":6},"end":{"line":55,"column":8}},"7":{"start":{"line":57,"column":6},"end":{"line":64,"column":8}},"8":{"start":{"line":66,"column":6},"end":{"line":74,"column":8}},"9":{"start":{"line":69,"column":32},"end":{"line":69,"column":87}},"10":{"start":{"line":76,"column":6},"end":{"line":76,"column":19}},"11":{"start":{"line":80,"column":24},"end":{"line":120,"column":1}},"12":{"start":{"line":81,"column":25},"end":{"line":83,"column":3}},"13":{"start":{"line":85,"column":39},"end":{"line":90,"column":3}},"14":{"start":{"line":92,"column":32},"end":{"line":97,"column":3}},"15":{"start":{"line":99,"column":51},"end":{"line":105,"column":3}},"16":{"start":{"line":107,"column":29},"end":{"line":112,"column":3}},"17":{"start":{"line":114,"column":25},"end":{"line":119,"column":3}}},"fnMap":{"0":{"name":"products","decl":{"start":{"line":20,"column":24},"end":{"line":20,"column":32}},"loc":{"start":{"line":20,"column":64},"end":{"line":78,"column":1}},"line":20},"1":{"name":"(anonymous_1)","decl":{"start":{"line":69,"column":15},"end":{"line":69,"column":16}},"loc":{"start":{"line":69,"column":32},"end":{"line":69,"column":87}},"line":69},"2":{"name":"(anonymous_2)","decl":{"start":{"line":81,"column":18},"end":{"line":81,"column":19}},"loc":{"start":{"line":81,"column":25},"end":{"line":83,"column":3}},"line":81},"3":{"name":"(anonymous_3)","decl":{"start":{"line":85,"column":24},"end":{"line":85,"column":25}},"loc":{"start":{"line":85,"column":39},"end":{"line":90,"column":3}},"line":85},"4":{"name":"(anonymous_4)","decl":{"start":{"line":92,"column":22},"end":{"line":92,"column":23}},"loc":{"start":{"line":92,"column":32},"end":{"line":97,"column":3}},"line":92},"5":{"name":"(anonymous_5)","decl":{"start":{"line":99,"column":22},"end":{"line":99,"column":23}},"loc":{"start":{"line":99,"column":51},"end":{"line":105,"column":3}},"line":99},"6":{"name":"(anonymous_6)","decl":{"start":{"line":107,"column":19},"end":{"line":107,"column":20}},"loc":{"start":{"line":107,"column":29},"end":{"line":112,"column":3}},"line":107},"7":{"name":"(anonymous_7)","decl":{"start":{"line":114,"column":18},"end":{"line":114,"column":19}},"loc":{"start":{"line":114,"column":25},"end":{"line":119,"column":3}},"line":114}},"branchMap":{"0":{"loc":{"start":{"line":20,"column":33},"end":{"line":20,"column":54}},"type":"default-arg","locations":[{"start":{"line":20,"column":41},"end":{"line":20,"column":54}}],"line":20},"1":{"loc":{"start":{"line":21,"column":2},"end":{"line":77,"column":3}},"type":"switch","locations":[{"start":{"line":22,"column":4},"end":{"line":26,"column":8}},{"start":{"line":27,"column":4},"end":{"line":36,"column":8}},{"start":{"line":37,"column":4},"end":{"line":45,"column":8}},{"start":{"line":46,"column":4},"end":{"line":55,"column":8}},{"start":{"line":56,"column":4},"end":{"line":64,"column":8}},{"start":{"line":65,"column":4},"end":{"line":74,"column":8}},{"start":{"line":75,"column":4},"end":{"line":76,"column":19}}],"line":21}},"s":{"0":6,"1":6,"2":8,"3":1,"4":2,"5":1,"6":1,"7":1,"8":1,"9":2,"10":1,"11":6,"12":7,"13":5,"14":3,"15":7,"16":6,"17":6},"f":{"0":8,"1":2,"2":7,"3":5,"4":3,"5":7,"6":6,"7":6},"b":{"0":[0],"1":[1,2,1,1,1,1,1]},"_coverageSchema":"332fd63041d2c1bcb487cc26dd0d5f7d97098a6c","hash":"2b5a17080bf7f75ce8eca39809eb34fd556eac1f"}
,"/mnt/c/Users/Eric/Documents/gonative/GoCommerce/src/store/sagas/details.js": {"path":"/mnt/c/Users/Eric/Documents/gonative/GoCommerce/src/store/sagas/details.js","statementMap":{"0":{"start":{"line":6,"column":2},"end":{"line":11,"column":3}},"1":{"start":{"line":7,"column":21},"end":{"line":7,"column":74}},"2":{"start":{"line":8,"column":4},"end":{"line":8,"column":55}},"3":{"start":{"line":10,"column":4},"end":{"line":10,"column":72}}},"fnMap":{"0":{"name":"getProduct","decl":{"start":{"line":5,"column":17},"end":{"line":5,"column":27}},"loc":{"start":{"line":5,"column":36},"end":{"line":12,"column":1}},"line":5}},"branchMap":{},"s":{"0":2,"1":2,"2":1,"3":1},"f":{"0":2},"b":{},"_coverageSchema":"332fd63041d2c1bcb487cc26dd0d5f7d97098a6c","hash":"6709f8488e82a046e468aaa9486d3ed91f4280df"}
,"/mnt/c/Users/Eric/Documents/gonative/GoCommerce/src/store/sagas/index.js": {"path":"/mnt/c/Users/Eric/Documents/gonative/GoCommerce/src/store/sagas/index.js","statementMap":{"0":{"start":{"line":10,"column":2},"end":{"line":14,"column":5}}},"fnMap":{"0":{"name":"rootSaga","decl":{"start":{"line":9,"column":25},"end":{"line":9,"column":33}},"loc":{"start":{"line":9,"column":36},"end":{"line":15,"column":1}},"line":9}},"branchMap":{},"s":{"0":8},"f":{"0":8},"b":{},"_coverageSchema":"332fd63041d2c1bcb487cc26dd0d5f7d97098a6c","hash":"7cd8a63ea1d5991a388bafe998de6de027655acf"}
,"/mnt/c/Users/Eric/Documents/gonative/GoCommerce/src/store/sagas/products.js": {"path":"/mnt/c/Users/Eric/Documents/gonative/GoCommerce/src/store/sagas/products.js","statementMap":{"0":{"start":{"line":7,"column":2},"end":{"line":14,"column":3}},"1":{"start":{"line":8,"column":21},"end":{"line":8,"column":85}},"2":{"start":{"line":9,"column":23},"end":{"line":9,"column":30}},"3":{"start":{"line":11,"column":4},"end":{"line":11,"column":86}},"4":{"start":{"line":13,"column":4},"end":{"line":13,"column":77}},"5":{"start":{"line":18,"column":24},"end":{"line":18,"column":26}},"6":{"start":{"line":19,"column":2},"end":{"line":27,"column":3}},"7":{"start":{"line":20,"column":21},"end":{"line":20,"column":54}},"8":{"start":{"line":21,"column":23},"end":{"line":21,"column":84}},"9":{"start":{"line":21,"column":49},"end":{"line":21,"column":82}},"10":{"start":{"line":22,"column":4},"end":{"line":22,"column":35}},"11":{"start":{"line":24,"column":4},"end":{"line":24,"column":64}},"12":{"start":{"line":26,"column":4},"end":{"line":26,"column":82}},"13":{"start":{"line":29,"column":2},"end":{"line":29,"column":67}},"14":{"start":{"line":33,"column":17},"end":{"line":33,"column":31}},"15":{"start":{"line":34,"column":33},"end":{"line":34,"column":70}},"16":{"start":{"line":34,"column":55},"end":{"line":34,"column":69}},"17":{"start":{"line":35,"column":19},"end":{"line":35,"column":45}},"18":{"start":{"line":36,"column":2},"end":{"line":40,"column":3}},"19":{"start":{"line":37,"column":4},"end":{"line":37,"column":64}},"20":{"start":{"line":39,"column":4},"end":{"line":39,"column":49}}},"fnMap":{"0":{"name":"getProducts","decl":{"start":{"line":6,"column":10},"end":{"line":6,"column":21}},"loc":{"start":{"line":6,"column":30},"end":{"line":15,"column":1}},"line":6},"1":{"name":"initializeHome","decl":{"start":{"line":17,"column":17},"end":{"line":17,"column":31}},"loc":{"start":{"line":17,"column":34},"end":{"line":30,"column":1}},"line":17},"2":{"name":"(anonymous_2)","decl":{"start":{"line":21,"column":32},"end":{"line":21,"column":33}},"loc":{"start":{"line":21,"column":49},"end":{"line":21,"column":82}},"line":21},"3":{"name":"changeCategory","decl":{"start":{"line":32,"column":17},"end":{"line":32,"column":31}},"loc":{"start":{"line":32,"column":40},"end":{"line":41,"column":1}},"line":32},"4":{"name":"(anonymous_4)","decl":{"start":{"line":34,"column":46},"end":{"line":34,"column":47}},"loc":{"start":{"line":34,"column":55},"end":{"line":34,"column":69}},"line":34}},"branchMap":{"0":{"loc":{"start":{"line":36,"column":2},"end":{"line":40,"column":3}},"type":"if","locations":[{"start":{"line":36,"column":2},"end":{"line":40,"column":3}},{"start":{"line":36,"column":2},"end":{"line":40,"column":3}}],"line":36}},"s":{"0":5,"1":5,"2":2,"3":2,"4":3,"5":3,"6":3,"7":3,"8":2,"9":4,"10":2,"11":2,"12":1,"13":3,"14":3,"15":3,"16":3,"17":3,"18":3,"19":1,"20":2},"f":{"0":5,"1":3,"2":4,"3":3,"4":3},"b":{"0":[1,2]},"_coverageSchema":"332fd63041d2c1bcb487cc26dd0d5f7d97098a6c","hash":"35321951424fbfef52dd240ca0a6cce82a548f34"}
,"/mnt/c/Users/Eric/Documents/gonative/GoCommerce/src/styles/colors.js": {"path":"/mnt/c/Users/Eric/Documents/gonative/GoCommerce/src/styles/colors.js","statementMap":{},"fnMap":{},"branchMap":{},"s":{},"f":{},"b":{},"_coverageSchema":"332fd63041d2c1bcb487cc26dd0d5f7d97098a6c","hash":"939f2d2f958f75a5aaefd270882d2a02edcc7401"}
,"/mnt/c/Users/Eric/Documents/gonative/GoCommerce/src/styles/general.js": {"path":"/mnt/c/Users/Eric/Documents/gonative/GoCommerce/src/styles/general.js","statementMap":{},"fnMap":{},"branchMap":{},"s":{},"f":{},"b":{},"_coverageSchema":"332fd63041d2c1bcb487cc26dd0d5f7d97098a6c","hash":"1022e29ebe12390e6094017a5b164bd099a21a97"}
,"/mnt/c/Users/Eric/Documents/gonative/GoCommerce/src/styles/index.js": {"path":"/mnt/c/Users/Eric/Documents/gonative/GoCommerce/src/styles/index.js","statementMap":{},"fnMap":{},"branchMap":{},"s":{},"f":{},"b":{},"_coverageSchema":"332fd63041d2c1bcb487cc26dd0d5f7d97098a6c","hash":"1c657aae9cfddd8f4b583de45662a18c395de6da"}
,"/mnt/c/Users/Eric/Documents/gonative/GoCommerce/src/styles/metrics.js": {"path":"/mnt/c/Users/Eric/Documents/gonative/GoCommerce/src/styles/metrics.js","statementMap":{"0":{"start":{"line":3,"column":26},"end":{"line":3,"column":50}}},"fnMap":{},"branchMap":{"0":{"loc":{"start":{"line":9,"column":15},"end":{"line":9,"column":46}},"type":"cond-expr","locations":[{"start":{"line":9,"column":32},"end":{"line":9,"column":37}},{"start":{"line":9,"column":40},"end":{"line":9,"column":46}}],"line":9},"1":{"loc":{"start":{"line":10,"column":16},"end":{"line":10,"column":47}},"type":"cond-expr","locations":[{"start":{"line":10,"column":33},"end":{"line":10,"column":39}},{"start":{"line":10,"column":42},"end":{"line":10,"column":47}}],"line":10}},"s":{"0":10},"f":{},"b":{"0":[10,0],"1":[10,0]},"_coverageSchema":"332fd63041d2c1bcb487cc26dd0d5f7d97098a6c","hash":"e2397d578e9dcb7d4d8778629de2d5498ec6bd4d"}
}
