TN:
SF:/mnt/c/Users/Eric/Documents/gonative/GoCommerce/__tests__/setup.js
FNF:0
FNH:0
DA:4,6
LF:1
LH:1
BRF:0
BRH:0
end_of_record
TN:
SF:/mnt/c/Users/Eric/Documents/gonative/GoCommerce/src/helpers/index.js
FN:4,(anonymous_0)
FNF:1
FNH:1
FNDA:4,(anonymous_0)
DA:5,4
LF:1
LH:1
BRF:0
BRH:0
end_of_record
TN:
SF:/mnt/c/Users/Eric/Documents/gonative/GoCommerce/src/pages/Home/index.js
FN:27,(anonymous_0)
FN:31,(anonymous_1)
FN:35,(anonymous_2)
FN:46,(anonymous_3)
FN:48,(anonymous_4)
FNF:5
FNH:5
FNDA:3,(anonymous_0)
FNDA:3,(anonymous_1)
FNDA:2,(anonymous_2)
FNDA:2,(anonymous_3)
FNDA:2,(anonymous_4)
DA:28,3
DA:32,3
DA:33,3
DA:35,2
DA:36,2
DA:37,2
DA:46,2
DA:48,2
LF:8
LH:8
BRDA:33,0,0,1
BRDA:33,0,1,2
BRDA:33,1,0,3
BRDA:33,1,1,3
BRDA:33,1,2,2
BRDA:33,1,3,2
BRF:6
BRH:6
end_of_record
TN:
SF:/mnt/c/Users/Eric/Documents/gonative/GoCommerce/src/pages/Home/components/Menu/index.js
FN:19,(anonymous_0)
FN:21,(anonymous_1)
FN:23,(anonymous_2)
FN:38,(anonymous_3)
FNF:4
FNH:4
FNDA:1,(anonymous_0)
FNDA:1,(anonymous_1)
FNDA:4,(anonymous_2)
FNDA:1,(anonymous_3)
DA:19,1
DA:21,1
DA:24,4
DA:25,4
DA:38,2
LF:5
LH:5
BRF:0
BRH:0
end_of_record
TN:
SF:/mnt/c/Users/Eric/Documents/gonative/GoCommerce/src/pages/Home/components/Menu/styles.js
FNF:0
FNH:0
DA:4,2
LF:1
LH:1
BRF:0
BRH:0
end_of_record
TN:
SF:/mnt/c/Users/Eric/Documents/gonative/GoCommerce/src/pages/Home/components/Menu/components/Category/index.js
FN:12,(anonymous_0)
FN:20,(anonymous_1)
FN:36,(anonymous_2)
FNF:3
FNH:3
FNDA:4,(anonymous_0)
FNDA:1,(anonymous_1)
FNDA:3,(anonymous_2)
DA:12,3
DA:13,4
DA:16,4
DA:17,4
DA:20,1
DA:27,3
DA:36,3
LF:7
LH:7
BRDA:13,0,0,4
BRDA:13,0,1,0
BRDA:16,1,0,4
BRDA:16,1,1,0
BRF:4
BRH:2
end_of_record
TN:
SF:/mnt/c/Users/Eric/Documents/gonative/GoCommerce/src/pages/Home/components/Menu/components/Category/styles.js
FNF:0
FNH:0
DA:4,3
LF:1
LH:1
BRF:0
BRH:0
end_of_record
TN:
SF:/mnt/c/Users/Eric/Documents/gonative/GoCommerce/src/pages/Home/components/ProductsList/index.js
FN:23,(anonymous_0)
FN:29,(anonymous_1)
FN:31,(anonymous_2)
FN:33,(anonymous_3)
FN:36,(anonymous_4)
FN:48,(anonymous_5)
FNF:6
FNH:5
FNDA:0,(anonymous_0)
FNDA:1,(anonymous_1)
FNDA:1,(anonymous_2)
FNDA:1,(anonymous_3)
FNDA:2,(anonymous_4)
FNDA:3,(anonymous_5)
DA:29,1
DA:31,1
DA:33,1
DA:37,2
DA:49,3
DA:50,3
LF:6
LH:6
BRDA:52,0,0,1
BRDA:52,0,1,2
BRF:2
BRH:2
end_of_record
TN:
SF:/mnt/c/Users/Eric/Documents/gonative/GoCommerce/src/pages/Home/components/ProductsList/styles.js
FNF:0
FNH:0
DA:4,2
LF:1
LH:1
BRF:0
BRH:0
end_of_record
TN:
SF:/mnt/c/Users/Eric/Documents/gonative/GoCommerce/src/pages/Home/components/ProductsList/components/ProductItem/index.js
FN:9,(anonymous_0)
FN:12,(anonymous_1)
FNF:2
FNH:2
FNDA:3,(anonymous_0)
FNDA:1,(anonymous_1)
DA:9,3
DA:10,3
DA:12,1
DA:25,3
LF:4
LH:4
BRF:0
BRH:0
end_of_record
TN:
SF:/mnt/c/Users/Eric/Documents/gonative/GoCommerce/src/pages/Home/components/ProductsList/components/ProductItem/styles.js
FNF:0
FNH:0
DA:4,3
LF:1
LH:1
BRF:0
BRH:0
end_of_record
TN:
SF:/mnt/c/Users/Eric/Documents/gonative/GoCommerce/src/store/ducks/products.js
FN:20,products
FN:68,(anonymous_1)
FN:80,(anonymous_2)
FN:84,(anonymous_3)
FN:91,(anonymous_4)
FN:98,(anonymous_5)
FN:106,(anonymous_6)
FN:113,(anonymous_7)
FNF:8
FNH:2
FNDA:0,products
FNDA:0,(anonymous_1)
FNDA:3,(anonymous_2)
FNDA:0,(anonymous_3)
FNDA:0,(anonymous_4)
FNDA:0,(anonymous_5)
FNDA:0,(anonymous_6)
FNDA:2,(anonymous_7)
DA:1,3
DA:10,3
DA:21,0
DA:23,0
DA:28,0
DA:37,0
DA:46,0
DA:56,0
DA:65,0
DA:68,0
DA:75,0
DA:79,3
DA:80,3
DA:84,0
DA:91,0
DA:98,0
DA:106,0
DA:113,2
LF:18
LH:5
BRDA:20,0,0,0
BRDA:21,1,0,0
BRDA:21,1,1,0
BRDA:21,1,2,0
BRDA:21,1,3,0
BRDA:21,1,4,0
BRDA:21,1,5,0
BRDA:21,1,6,0
BRF:8
BRH:0
end_of_record
TN:
SF:/mnt/c/Users/Eric/Documents/gonative/GoCommerce/src/styles/colors.js
FNF:0
FNH:0
LF:0
LH:0
BRF:0
BRH:0
end_of_record
TN:
SF:/mnt/c/Users/Eric/Documents/gonative/GoCommerce/src/styles/general.js
FNF:0
FNH:0
LF:0
LH:0
BRF:0
BRH:0
end_of_record
TN:
SF:/mnt/c/Users/Eric/Documents/gonative/GoCommerce/src/styles/index.js
FNF:0
FNH:0
LF:0
LH:0
BRF:0
BRH:0
end_of_record
TN:
SF:/mnt/c/Users/Eric/Documents/gonative/GoCommerce/src/styles/metrics.js
FNF:0
FNH:0
DA:3,5
LF:1
LH:1
BRDA:9,0,0,5
BRDA:9,0,1,0
BRDA:10,1,0,5
BRDA:10,1,1,0
BRF:4
BRH:2
end_of_record
