TN:
SF:/mnt/c/Users/Eric/Documents/gonative/GoCommerce/__tests__/setup.js
FNF:0
FNH:0
DA:4,16
LF:1
LH:1
BRF:0
BRH:0
end_of_record
TN:
SF:/mnt/c/Users/Eric/Documents/gonative/GoCommerce/src/components/TabIcon/index.js
FN:5,(anonymous_0)
FNF:1
FNH:1
FNDA:1,(anonymous_0)
DA:5,1
DA:6,1
DA:9,1
LF:3
LH:3
BRF:0
BRH:0
end_of_record
TN:
SF:/mnt/c/Users/Eric/Documents/gonative/GoCommerce/src/helpers/index.js
FN:4,(anonymous_0)
FNF:1
FNH:1
FNDA:16,(anonymous_0)
DA:5,16
LF:1
LH:1
BRF:0
BRH:0
end_of_record
TN:
SF:/mnt/c/Users/Eric/Documents/gonative/GoCommerce/src/pages/Cart/index.js
FN:15,(anonymous_0)
FN:33,(anonymous_1)
FN:36,(anonymous_2)
FNF:3
FNH:3
FNDA:2,(anonymous_0)
FNDA:1,(anonymous_1)
FNDA:2,(anonymous_2)
DA:15,1
DA:16,2
DA:31,1
DA:33,1
DA:36,2
LF:5
LH:5
BRDA:19,0,0,1
BRDA:19,0,1,1
BRF:2
BRH:2
end_of_record
TN:
SF:/mnt/c/Users/Eric/Documents/gonative/GoCommerce/src/pages/Cart/styles.js
FNF:0
FNH:0
DA:4,1
LF:1
LH:1
BRF:0
BRH:0
end_of_record
TN:
SF:/mnt/c/Users/Eric/Documents/gonative/GoCommerce/src/pages/Cart/components/Header/index.js
FN:7,(anonymous_0)
FNF:1
FNH:1
FNDA:1,(anonymous_0)
DA:7,2
DA:8,1
LF:2
LH:2
BRF:0
BRH:0
end_of_record
TN:
SF:/mnt/c/Users/Eric/Documents/gonative/GoCommerce/src/pages/Cart/components/Header/styles.js
FNF:0
FNH:0
DA:4,2
LF:1
LH:1
BRF:0
BRH:0
end_of_record
TN:
SF:/mnt/c/Users/Eric/Documents/gonative/GoCommerce/src/pages/Cart/components/PurchaseList/index.js
FN:22,(anonymous_0)
FN:24,(anonymous_1)
FN:26,(anonymous_2)
FN:39,(anonymous_3)
FNF:4
FNH:4
FNDA:1,(anonymous_0)
FNDA:1,(anonymous_1)
FNDA:2,(anonymous_2)
FNDA:2,(anonymous_3)
DA:22,1
DA:24,1
DA:27,2
DA:28,2
DA:29,1
DA:39,2
LF:6
LH:6
BRDA:28,0,0,1
BRDA:28,0,1,1
BRF:2
BRH:2
end_of_record
TN:
SF:/mnt/c/Users/Eric/Documents/gonative/GoCommerce/src/pages/Cart/components/PurchaseList/components/PurchaseItem/index.js
FN:16,(anonymous_0)
FN:35,(anonymous_1)
FN:36,(anonymous_2)
FN:38,(anonymous_3)
FN:50,(anonymous_4)
FNF:5
FNH:5
FNDA:4,(anonymous_0)
FNDA:1,(anonymous_1)
FNDA:1,(anonymous_2)
FNDA:1,(anonymous_3)
FNDA:4,(anonymous_4)
DA:16,3
DA:17,4
DA:35,1
DA:36,1
DA:38,1
DA:44,3
DA:50,4
LF:7
LH:7
BRDA:36,0,0,1
BRDA:36,0,1,1
BRF:2
BRH:2
end_of_record
TN:
SF:/mnt/c/Users/Eric/Documents/gonative/GoCommerce/src/pages/Cart/components/PurchaseList/components/PurchaseItem/styles.js
FNF:0
FNH:0
DA:4,3
LF:1
LH:1
BRF:0
BRH:0
end_of_record
TN:
SF:/mnt/c/Users/Eric/Documents/gonative/GoCommerce/src/pages/Details/index.js
FN:46,(anonymous_0)
FN:51,(anonymous_1)
FN:53,(anonymous_2)
FN:81,(anonymous_3)
FN:98,(anonymous_4)
FN:105,(anonymous_5)
FN:111,(anonymous_6)
FN:119,(anonymous_7)
FN:123,(anonymous_8)
FNF:9
FNH:8
FNDA:5,(anonymous_0)
FNDA:1,(anonymous_1)
FNDA:0,(anonymous_2)
FNDA:4,(anonymous_3)
FNDA:1,(anonymous_4)
FNDA:1,(anonymous_5)
FNDA:5,(anonymous_6)
FNDA:3,(anonymous_7)
FNDA:3,(anonymous_8)
DA:47,5
DA:48,5
DA:52,1
DA:53,1
DA:54,1
DA:69,1
DA:71,1
DA:77,1
DA:78,1
DA:82,4
DA:83,4
DA:84,3
DA:98,1
DA:106,1
DA:112,5
DA:113,5
DA:119,3
DA:123,3
LF:18
LH:18
BRDA:54,0,0,0
BRDA:54,0,1,1
BRDA:83,1,0,1
BRDA:83,1,1,3
BRDA:113,2,0,1
BRDA:113,2,1,4
BRF:6
BRH:5
end_of_record
TN:
SF:/mnt/c/Users/Eric/Documents/gonative/GoCommerce/src/pages/Details/styles.js
FNF:0
FNH:0
DA:4,1
LF:1
LH:1
BRF:0
BRH:0
end_of_record
TN:
SF:/mnt/c/Users/Eric/Documents/gonative/GoCommerce/src/pages/Home/index.js
FN:27,(anonymous_0)
FN:31,(anonymous_1)
FN:35,(anonymous_2)
FN:46,(anonymous_3)
FN:48,(anonymous_4)
FNF:5
FNH:5
FNDA:3,(anonymous_0)
FNDA:3,(anonymous_1)
FNDA:2,(anonymous_2)
FNDA:2,(anonymous_3)
FNDA:2,(anonymous_4)
DA:28,3
DA:32,3
DA:33,3
DA:35,2
DA:36,2
DA:37,2
DA:46,2
DA:48,2
LF:8
LH:8
BRDA:33,0,0,1
BRDA:33,0,1,2
BRDA:33,1,0,3
BRDA:33,1,1,3
BRDA:33,1,2,2
BRDA:33,1,3,2
BRF:6
BRH:6
end_of_record
TN:
SF:/mnt/c/Users/Eric/Documents/gonative/GoCommerce/src/pages/Home/components/Menu/index.js
FN:19,(anonymous_0)
FN:21,(anonymous_1)
FN:23,(anonymous_2)
FN:38,(anonymous_3)
FNF:4
FNH:4
FNDA:1,(anonymous_0)
FNDA:1,(anonymous_1)
FNDA:4,(anonymous_2)
FNDA:1,(anonymous_3)
DA:19,1
DA:21,1
DA:24,4
DA:25,4
DA:38,2
LF:5
LH:5
BRF:0
BRH:0
end_of_record
TN:
SF:/mnt/c/Users/Eric/Documents/gonative/GoCommerce/src/pages/Home/components/Menu/styles.js
FNF:0
FNH:0
DA:4,2
LF:1
LH:1
BRF:0
BRH:0
end_of_record
TN:
SF:/mnt/c/Users/Eric/Documents/gonative/GoCommerce/src/pages/Home/components/Menu/components/Category/index.js
FN:12,(anonymous_0)
FN:20,(anonymous_1)
FN:36,(anonymous_2)
FNF:3
FNH:3
FNDA:4,(anonymous_0)
FNDA:1,(anonymous_1)
FNDA:3,(anonymous_2)
DA:12,3
DA:13,4
DA:16,4
DA:17,4
DA:20,1
DA:27,3
DA:36,3
LF:7
LH:7
BRDA:13,0,0,4
BRDA:13,0,1,0
BRDA:16,1,0,4
BRDA:16,1,1,0
BRF:4
BRH:2
end_of_record
TN:
SF:/mnt/c/Users/Eric/Documents/gonative/GoCommerce/src/pages/Home/components/Menu/components/Category/styles.js
FNF:0
FNH:0
DA:4,3
LF:1
LH:1
BRF:0
BRH:0
end_of_record
TN:
SF:/mnt/c/Users/Eric/Documents/gonative/GoCommerce/src/pages/Home/components/ProductsList/index.js
FN:23,(anonymous_0)
FN:29,(anonymous_1)
FN:31,(anonymous_2)
FN:33,(anonymous_3)
FN:36,(anonymous_4)
FN:48,(anonymous_5)
FNF:6
FNH:5
FNDA:0,(anonymous_0)
FNDA:1,(anonymous_1)
FNDA:1,(anonymous_2)
FNDA:1,(anonymous_3)
FNDA:2,(anonymous_4)
FNDA:3,(anonymous_5)
DA:29,1
DA:31,1
DA:33,1
DA:37,2
DA:49,3
DA:50,3
LF:6
LH:6
BRDA:52,0,0,1
BRDA:52,0,1,2
BRF:2
BRH:2
end_of_record
TN:
SF:/mnt/c/Users/Eric/Documents/gonative/GoCommerce/src/pages/Home/components/ProductsList/styles.js
FNF:0
FNH:0
DA:4,2
LF:1
LH:1
BRF:0
BRH:0
end_of_record
TN:
SF:/mnt/c/Users/Eric/Documents/gonative/GoCommerce/src/pages/Home/components/ProductsList/components/ProductItem/index.js
FN:9,(anonymous_0)
FN:12,(anonymous_1)
FNF:2
FNH:2
FNDA:3,(anonymous_0)
FNDA:1,(anonymous_1)
DA:9,3
DA:10,3
DA:12,1
DA:25,3
LF:4
LH:4
BRF:0
BRH:0
end_of_record
TN:
SF:/mnt/c/Users/Eric/Documents/gonative/GoCommerce/src/pages/Home/components/ProductsList/components/ProductItem/styles.js
FNF:0
FNH:0
DA:4,3
LF:1
LH:1
BRF:0
BRH:0
end_of_record
TN:
SF:/mnt/c/Users/Eric/Documents/gonative/GoCommerce/src/services/api.js
FNF:0
FNH:0
DA:3,2
LF:1
LH:1
BRF:0
BRH:0
end_of_record
TN:
SF:/mnt/c/Users/Eric/Documents/gonative/GoCommerce/src/store/ducks/cart.js
FN:14,addProduct
FN:21,cart
FN:33,(anonymous_2)
FN:38,(anonymous_3)
FN:49,(anonymous_4)
FN:56,(anonymous_5)
FN:62,(anonymous_6)
FN:73,(anonymous_7)
FN:74,(anonymous_8)
FN:74,(anonymous_9)
FNF:10
FNH:10
FNDA:1,addProduct
FNDA:8,cart
FNDA:1,(anonymous_2)
FNDA:2,(anonymous_3)
FNDA:6,(anonymous_4)
FNDA:3,(anonymous_5)
FNDA:6,(anonymous_6)
FNDA:2,(anonymous_7)
FNDA:2,(anonymous_8)
FNDA:1,(anonymous_9)
DA:4,5
DA:10,5
DA:15,1
DA:16,1
DA:17,1
DA:18,1
DA:22,8
DA:24,4
DA:31,1
DA:33,1
DA:36,2
DA:39,2
DA:44,1
DA:48,5
DA:49,6
DA:56,3
DA:62,6
DA:71,5
DA:73,2
DA:74,2
LF:20
LH:20
BRDA:21,0,0,0
BRDA:22,1,0,4
BRDA:22,1,1,1
BRDA:22,1,2,2
BRDA:22,1,3,1
BRDA:26,2,0,3
BRDA:26,2,1,1
BRDA:39,3,0,1
BRDA:39,3,1,1
BRDA:74,4,0,1
BRDA:74,4,1,0
BRF:11
BRH:9
end_of_record
TN:
SF:/mnt/c/Users/Eric/Documents/gonative/GoCommerce/src/store/ducks/details.js
FN:15,details
FN:41,(anonymous_1)
FN:48,(anonymous_2)
FN:55,(anonymous_3)
FNF:4
FNH:4
FNDA:4,details
FNDA:9,(anonymous_1)
FNDA:3,(anonymous_2)
FNDA:3,(anonymous_3)
DA:3,4
DA:9,4
DA:16,4
DA:18,1
DA:24,1
DA:30,1
DA:36,1
DA:40,4
DA:41,9
DA:48,3
DA:55,3
LF:11
LH:11
BRDA:15,0,0,0
BRDA:16,1,0,1
BRDA:16,1,1,1
BRDA:16,1,2,1
BRDA:16,1,3,1
BRF:5
BRH:4
end_of_record
TN:
SF:/mnt/c/Users/Eric/Documents/gonative/GoCommerce/src/store/ducks/products.js
FN:20,products
FN:69,(anonymous_1)
FN:81,(anonymous_2)
FN:85,(anonymous_3)
FN:92,(anonymous_4)
FN:99,(anonymous_5)
FN:107,(anonymous_6)
FN:114,(anonymous_7)
FNF:8
FNH:8
FNDA:8,products
FNDA:2,(anonymous_1)
FNDA:7,(anonymous_2)
FNDA:5,(anonymous_3)
FNDA:3,(anonymous_4)
FNDA:7,(anonymous_5)
FNDA:6,(anonymous_6)
FNDA:6,(anonymous_7)
DA:1,6
DA:10,6
DA:21,8
DA:23,1
DA:28,2
DA:38,1
DA:47,1
DA:57,1
DA:66,1
DA:69,2
DA:76,1
DA:80,6
DA:81,7
DA:85,5
DA:92,3
DA:99,7
DA:107,6
DA:114,6
LF:18
LH:18
BRDA:20,0,0,0
BRDA:21,1,0,1
BRDA:21,1,1,2
BRDA:21,1,2,1
BRDA:21,1,3,1
BRDA:21,1,4,1
BRDA:21,1,5,1
BRDA:21,1,6,1
BRF:8
BRH:7
end_of_record
TN:
SF:/mnt/c/Users/Eric/Documents/gonative/GoCommerce/src/store/sagas/details.js
FN:5,getProduct
FNF:1
FNH:1
FNDA:2,getProduct
DA:6,2
DA:7,2
DA:8,1
DA:10,1
LF:4
LH:4
BRF:0
BRH:0
end_of_record
TN:
SF:/mnt/c/Users/Eric/Documents/gonative/GoCommerce/src/store/sagas/index.js
FN:9,rootSaga
FNF:1
FNH:1
FNDA:8,rootSaga
DA:10,8
LF:1
LH:1
BRF:0
BRH:0
end_of_record
TN:
SF:/mnt/c/Users/Eric/Documents/gonative/GoCommerce/src/store/sagas/products.js
FN:6,getProducts
FN:17,initializeHome
FN:21,(anonymous_2)
FN:32,changeCategory
FN:34,(anonymous_4)
FNF:5
FNH:5
FNDA:5,getProducts
FNDA:3,initializeHome
FNDA:4,(anonymous_2)
FNDA:3,changeCategory
FNDA:3,(anonymous_4)
DA:7,5
DA:8,5
DA:9,2
DA:11,2
DA:13,3
DA:18,3
DA:19,3
DA:20,3
DA:21,4
DA:22,2
DA:24,2
DA:26,1
DA:29,3
DA:33,3
DA:34,3
DA:35,3
DA:36,3
DA:37,1
DA:39,2
LF:19
LH:19
BRDA:36,0,0,1
BRDA:36,0,1,2
BRF:2
BRH:2
end_of_record
TN:
SF:/mnt/c/Users/Eric/Documents/gonative/GoCommerce/src/styles/colors.js
FNF:0
FNH:0
LF:0
LH:0
BRF:0
BRH:0
end_of_record
TN:
SF:/mnt/c/Users/Eric/Documents/gonative/GoCommerce/src/styles/general.js
FNF:0
FNH:0
LF:0
LH:0
BRF:0
BRH:0
end_of_record
TN:
SF:/mnt/c/Users/Eric/Documents/gonative/GoCommerce/src/styles/index.js
FNF:0
FNH:0
LF:0
LH:0
BRF:0
BRH:0
end_of_record
TN:
SF:/mnt/c/Users/Eric/Documents/gonative/GoCommerce/src/styles/metrics.js
FNF:0
FNH:0
DA:3,10
LF:1
LH:1
BRDA:9,0,0,10
BRDA:9,0,1,0
BRDA:10,1,0,10
BRDA:10,1,1,0
BRF:4
BRH:2
end_of_record
